Using pre-set license
Built from '2020.3/staging' branch; Version is '2020.3.30f1 (1fb1bf06830e) revision 2077119'; Using compiler version '192528614'; Build Type 'Release'
OS: 'Windows 10  (10.0.19044) 64bit Core' Language: 'tr' Physical Memory: 16163 MB
BatchMode: 1, IsHumanControllingUs: 0, StartBugReporterOnCrash: 0, Is64bit: 1, IsPro: 0

COMMAND LINE ARGUMENTS:
C:\Program Files\Unity\Hub\Editor\2020.3.30f1\Editor\Unity.exe
-adb2
-batchMode
-noUpm
-name
AssetImportWorker0
-projectPath
D:/Unity/BallStackMech
-logFile
Logs/AssetImportWorker0.log
-srvPort
50034
Successfully changed project path to: D:/Unity/BallStackMech
D:/Unity/BallStackMech
Using Asset Import Pipeline V2.
Refreshing native plugins compatible for Editor in 24.44 ms, found 2 plugins.
Preloading 0 native plugins for Editor in 0.00 ms.
Initialize engine version: 2020.3.30f1 (1fb1bf06830e)
[Subsystems] Discovering subsystems at path C:/Program Files/Unity/Hub/Editor/2020.3.30f1/Editor/Data/Resources/UnitySubsystems
[Subsystems] Discovering subsystems at path D:/Unity/BallStackMech/Assets
GfxDevice: creating device client; threaded=0
Direct3D:
    Version:  Direct3D 11.0 [level 11.1]
    Renderer: NVIDIA GeForce RTX 3050 Ti Laptop GPU (ID=0x25a0)
    Vendor:   
    VRAM:     3990 MB
    Driver:   30.0.15.1295
Initialize mono
Mono path[0] = 'C:/Program Files/Unity/Hub/Editor/2020.3.30f1/Editor/Data/Managed'
Mono path[1] = 'C:/Program Files/Unity/Hub/Editor/2020.3.30f1/Editor/Data/MonoBleedingEdge/lib/mono/unityjit'
Mono config path = 'C:/Program Files/Unity/Hub/Editor/2020.3.30f1/Editor/Data/MonoBleedingEdge/etc'
Using monoOptions --debugger-agent=transport=dt_socket,embedding=1,server=y,suspend=n,address=127.0.0.1:56500
Begin MonoManager ReloadAssembly
Registering precompiled unity dll's ...
Register platform support module: C:/Program Files/Unity/Hub/Editor/2020.3.30f1/Editor/Data/PlaybackEngines/WindowsStandaloneSupport/UnityEditor.WindowsStandalone.Extensions.dll
Registered in 0.001474 seconds.
Native extension for WindowsStandalone target not found
Refreshing native plugins compatible for Editor in 24.41 ms, found 2 plugins.
Preloading 0 native plugins for Editor in 0.00 ms.
Mono: successfully reloaded assembly
- Completed reload, in  0.448 seconds
Domain Reload Profiling:
	ReloadAssembly (448ms)
		BeginReloadAssembly (48ms)
			ExecutionOrderSort (0ms)
			DisableScriptedObjects (0ms)
			BackupInstance (0ms)
			ReleaseScriptingObjects (0ms)
			CreateAndSetChildDomain (1ms)
		EndReloadAssembly (343ms)
			LoadAssemblies (47ms)
			RebuildTransferFunctionScriptingTraits (0ms)
			SetupTypeCache (110ms)
			ReleaseScriptCaches (0ms)
			RebuildScriptCaches (27ms)
			SetupLoadedEditorAssemblies (127ms)
				LogAssemblyErrors (0ms)
				InitializePlatformSupportModulesInManaged (4ms)
				SetLoadedEditorAssemblies (0ms)
				RefreshPlugins (24ms)
				BeforeProcessingInitializeOnLoad (13ms)
				ProcessInitializeOnLoadAttributes (64ms)
				ProcessInitializeOnLoadMethodAttributes (21ms)
				AfterProcessingInitializeOnLoad (0ms)
				EditorAssembliesLoaded (0ms)
			ExecutionOrderSort2 (0ms)
			AwakeInstancesAfterBackupRestoration (0ms)
Platform modules already initialized, skipping
Registering precompiled user dll's ...
Registered in 0.002403 seconds.
Begin MonoManager ReloadAssembly
Native extension for WindowsStandalone target not found
Refreshing native plugins compatible for Editor in 0.31 ms, found 2 plugins.
Preloading 0 native plugins for Editor in 0.00 ms.
Mono: successfully reloaded assembly
- Completed reload, in  0.772 seconds
Domain Reload Profiling:
	ReloadAssembly (773ms)
		BeginReloadAssembly (119ms)
			ExecutionOrderSort (0ms)
			DisableScriptedObjects (4ms)
			BackupInstance (0ms)
			ReleaseScriptingObjects (0ms)
			CreateAndSetChildDomain (19ms)
		EndReloadAssembly (607ms)
			LoadAssemblies (73ms)
			RebuildTransferFunctionScriptingTraits (0ms)
			SetupTypeCache (199ms)
			ReleaseScriptCaches (0ms)
			RebuildScriptCaches (38ms)
			SetupLoadedEditorAssemblies (240ms)
				LogAssemblyErrors (0ms)
				InitializePlatformSupportModulesInManaged (4ms)
				SetLoadedEditorAssemblies (0ms)
				RefreshPlugins (0ms)
				BeforeProcessingInitializeOnLoad (63ms)
				ProcessInitializeOnLoadAttributes (160ms)
				ProcessInitializeOnLoadMethodAttributes (7ms)
				AfterProcessingInitializeOnLoad (5ms)
				EditorAssembliesLoaded (0ms)
			ExecutionOrderSort2 (0ms)
			AwakeInstancesAfterBackupRestoration (5ms)
Platform modules already initialized, skipping
========================================================================
Worker process is ready to serve import requests
Launched and connected shader compiler UnityShaderCompiler.exe after 0.06 seconds
Refreshing native plugins compatible for Editor in 0.29 ms, found 2 plugins.
Preloading 0 native plugins for Editor in 0.00 ms.
Unloading 1531 Unused Serialized files (Serialized files now loaded: 0)
System memory in use before: 72.0 MB.
System memory in use after: 72.1 MB.

Unloading 18 unused Assets to reduce memory usage. Loaded Objects now: 1973.
Total: 1.983500 ms (FindLiveObjects: 0.092200 ms CreateObjectMapping: 0.025800 ms MarkObjects: 1.809400 ms  DeleteObjects: 0.055600 ms)

AssetImportParameters requested are different than current active one (requested -> active):
  custom:framework-win-MediaFoundation: 216162199b28c13a410421893ffa2e32 -> 
  custom:video-decoder-ogg-theora: a1e56fd34408186e4bbccfd4996cb3dc -> 
  custom:container-muxer-webm: aa71ff27fc2769a1b78a27578f13a17b -> 
  custom:container-demuxer-webm: 4f35f7cbe854078d1ac9338744f61a02 -> 
  custom:container-demuxer-ogg: 62fdf1f143b41e24485cea50d1cbac27 -> 
  custom:video-encoder-webm-vp8: eb34c28f22e8b96e1ab97ce403110664 -> 
  custom:video-decoder-webm-vp8: 9c59270c3fd7afecdb556c50c9e8de78 -> 
  custom:audio-decoder-ogg-vorbis: bf7c407c2cedff20999df2af8eb42d56 -> 
  custom:audio-encoder-webm-vorbis: bf7c407c2cedff20999df2af8eb42d56 -> 
========================================================================
Received Import Request.
  path: Assets/png-clipart-hand-click-icon-computer-icons-pointer-point-and-click-cursor-hands-click-icon-cdr-text-thumbnail.png
  artifactKey: Guid(b4cec6fe684bbde4185293d9b569f7a0) Importer(815301076,1909f56bfc062723c751e8b465ee728b)
Start importing Assets/png-clipart-hand-click-icon-computer-icons-pointer-point-and-click-cursor-hands-click-icon-cdr-text-thumbnail.png using Guid(b4cec6fe684bbde4185293d9b569f7a0) Importer(815301076,1909f56bfc062723c751e8b465ee728b)  -> (artifact id: '44c9268bf54dbc82d9e0ecbecc142271') in 0.046914 seconds 
========================================================================
Received Import Request.
  Time since last request: 11.808523 seconds.
  path: Assets/png-clipart-hand-click-icon-computer-icons-pointer-point-and-click-cursor-hands-click-icon-cdr-text-thumbnail.png
  artifactKey: Guid(b4cec6fe684bbde4185293d9b569f7a0) Importer(815301076,1909f56bfc062723c751e8b465ee728b)
Start importing Assets/png-clipart-hand-click-icon-computer-icons-pointer-point-and-click-cursor-hands-click-icon-cdr-text-thumbnail.png using Guid(b4cec6fe684bbde4185293d9b569f7a0) Importer(815301076,1909f56bfc062723c751e8b465ee728b)  -> (artifact id: 'ae4cc9531ebdf22ce69246de39d379c1') in 0.072709 seconds 
========================================================================
Received Import Request.
  Time since last request: 62.332159 seconds.
  path: Assets/MenuManager/png-clipart-hand-click-icon-computer-icons-pointer-point-and-click-cursor-hands-click-icon-cdr-text-thumbnail.png
  artifactKey: Guid(b4cec6fe684bbde4185293d9b569f7a0) Importer(815301076,1909f56bfc062723c751e8b465ee728b)
Start importing Assets/MenuManager/png-clipart-hand-click-icon-computer-icons-pointer-point-and-click-cursor-hands-click-icon-cdr-text-thumbnail.png using Guid(b4cec6fe684bbde4185293d9b569f7a0) Importer(815301076,1909f56bfc062723c751e8b465ee728b)  -> (artifact id: '06c1e6118ae0c1482e5b4aee55fe06a7') in 0.032632 seconds 
========================================================================
Received Import Request.
  Time since last request: 17.235879 seconds.
  path: Assets/MenuManager/png-clipart-hand-click-icon-computer-icons-pointer-point-and-click-cursor-hands-click-icon-cdr-text-thumbnail.png
  artifactKey: Guid(b4cec6fe684bbde4185293d9b569f7a0) Importer(815301076,1909f56bfc062723c751e8b465ee728b)
Start importing Assets/MenuManager/png-clipart-hand-click-icon-computer-icons-pointer-point-and-click-cursor-hands-click-icon-cdr-text-thumbnail.png using Guid(b4cec6fe684bbde4185293d9b569f7a0) Importer(815301076,1909f56bfc062723c751e8b465ee728b)  -> (artifact id: 'b5ef0736f4df2f87b817076f43621e60') in 0.008122 seconds 
========================================================================
Received Import Request.
  Time since last request: 119.178666 seconds.
  path: Assets/MenuManager/pngwing.com.png
  artifactKey: Guid(c3b7a97b9f3d2e14e97a121e2f1ad17a) Importer(815301076,1909f56bfc062723c751e8b465ee728b)
Start importing Assets/MenuManager/pngwing.com.png using Guid(c3b7a97b9f3d2e14e97a121e2f1ad17a) Importer(815301076,1909f56bfc062723c751e8b465ee728b)  -> (artifact id: '47fd86236eccc9dfb13b6bcff075a13f') in 0.014870 seconds 
========================================================================
Received Import Request.
  Time since last request: 18.522848 seconds.
  path: Assets/MenuManager/pngwing.com.png
  artifactKey: Guid(c3b7a97b9f3d2e14e97a121e2f1ad17a) Importer(815301076,1909f56bfc062723c751e8b465ee728b)
Start importing Assets/MenuManager/pngwing.com.png using Guid(c3b7a97b9f3d2e14e97a121e2f1ad17a) Importer(815301076,1909f56bfc062723c751e8b465ee728b)  -> (artifact id: '134942d2da4f724bd6ae9810e8bb13e1') in 0.039367 seconds 
========================================================================
Received Prepare
Registering precompiled user dll's ...
Registered in 0.002131 seconds.
Begin MonoManager ReloadAssembly
Native extension for WindowsStandalone target not found
Refreshing native plugins compatible for Editor in 0.32 ms, found 2 plugins.
Preloading 0 native plugins for Editor in 0.00 ms.
Invalid AssetDatabase path: /Editor/EditorResources/cm_logo_sm.png. Use path relative to the project folder.
UnityEngine.StackTraceUtility:ExtractStackTrace ()
UnityEditor.AssetDatabase:LoadAssetAtPath<UnityEngine.Texture2D> (string)
Cinemachine.Editor.CinemachineSettings:get_CinemachineLogoTexture () (at Library/PackageCache/com.unity.cinemachine@2.6.15/Editor/Windows/CinemachineSettings.cs:205)
Cinemachine.Editor.CinemachineSettings:.cctor () (at Library/PackageCache/com.unity.cinemachine@2.6.15/Editor/Windows/CinemachineSettings.cs:261)
Cinemachine.CinemachineColliderPrefs:.cctor () (at Library/PackageCache/com.unity.cinemachine@2.6.15/Editor/Windows/CinemachineColliderPrefs.cs:61)
System.Runtime.CompilerServices.RuntimeHelpers:RunClassConstructor (System.RuntimeTypeHandle)
UnityEditor.EditorAssemblies:ProcessInitializeOnLoadAttributes (System.Type[])

[Library/PackageCache/com.unity.cinemachine@2.6.15/Editor/Windows/CinemachineSettings.cs line 205]

Invalid AssetDatabase path: /Editor/EditorResources/cm_logo_sm.png. Use path relative to the project folder.
UnityEngine.StackTraceUtility:ExtractStackTrace ()
UnityEditor.AssetDatabase:LoadAssetAtPath<UnityEngine.Texture2D> (string)
Cinemachine.Editor.CinemachineSettings:get_CinemachineLogoTexture () (at Library/PackageCache/com.unity.cinemachine@2.6.15/Editor/Windows/CinemachineSettings.cs:205)
Cinemachine.Editor.CinemachineSettings:OnPackageLoadedInEditor () (at Library/PackageCache/com.unity.cinemachine@2.6.15/Editor/Windows/CinemachineSettings.cs:246)
System.Reflection.MonoMethod:Invoke (object,System.Reflection.BindingFlags,System.Reflection.Binder,object[],System.Globalization.CultureInfo)
System.Reflection.MethodBase:Invoke (object,object[])
UnityEditor.EditorAssemblies:ProcessInitializeOnLoadMethodAttributes ()

[Library/PackageCache/com.unity.cinemachine@2.6.15/Editor/Windows/CinemachineSettings.cs line 205]

Mono: successfully reloaded assembly
- Completed reload, in  0.748 seconds
Domain Reload Profiling:
	ReloadAssembly (749ms)
		BeginReloadAssembly (98ms)
			ExecutionOrderSort (0ms)
			DisableScriptedObjects (3ms)
			BackupInstance (0ms)
			ReleaseScriptingObjects (0ms)
			CreateAndSetChildDomain (29ms)
		EndReloadAssembly (604ms)
			LoadAssemblies (73ms)
			RebuildTransferFunctionScriptingTraits (0ms)
			SetupTypeCache (193ms)
			ReleaseScriptCaches (1ms)
			RebuildScriptCaches (31ms)
			SetupLoadedEditorAssemblies (252ms)
				LogAssemblyErrors (0ms)
				InitializePlatformSupportModulesInManaged (4ms)
				SetLoadedEditorAssemblies (0ms)
				RefreshPlugins (0ms)
				BeforeProcessingInitializeOnLoad (68ms)
				ProcessInitializeOnLoadAttributes (167ms)
				ProcessInitializeOnLoadMethodAttributes (7ms)
				AfterProcessingInitializeOnLoad (5ms)
				EditorAssembliesLoaded (0ms)
			ExecutionOrderSort2 (0ms)
			AwakeInstancesAfterBackupRestoration (5ms)
Platform modules already initialized, skipping
Refreshing native plugins compatible for Editor in 0.32 ms, found 2 plugins.
Preloading 0 native plugins for Editor in 0.00 ms.
Unloading 1659 Unused Serialized files (Serialized files now loaded: 0)
System memory in use before: 78.6 MB.
System memory in use after: 78.7 MB.

Unloading 14 unused Assets to reduce memory usage. Loaded Objects now: 2130.
Total: 2.161800 ms (FindLiveObjects: 0.100800 ms CreateObjectMapping: 0.028100 ms MarkObjects: 1.967000 ms  DeleteObjects: 0.064900 ms)

AssetImportParameters requested are different than current active one (requested -> active):
  custom:framework-win-MediaFoundation: 216162199b28c13a410421893ffa2e32 -> 
  custom:video-decoder-ogg-theora: a1e56fd34408186e4bbccfd4996cb3dc -> 
  custom:container-muxer-webm: aa71ff27fc2769a1b78a27578f13a17b -> 
  custom:container-demuxer-webm: 4f35f7cbe854078d1ac9338744f61a02 -> 
  custom:container-demuxer-ogg: 62fdf1f143b41e24485cea50d1cbac27 -> 
  custom:video-encoder-webm-vp8: eb34c28f22e8b96e1ab97ce403110664 -> 
  custom:video-decoder-webm-vp8: 9c59270c3fd7afecdb556c50c9e8de78 -> 
  custom:audio-decoder-ogg-vorbis: bf7c407c2cedff20999df2af8eb42d56 -> 
  custom:audio-encoder-webm-vorbis: bf7c407c2cedff20999df2af8eb42d56 -> 
========================================================================
Received Import Request.
  Time since last request: 624.565037 seconds.
  path: Assets/Road/Paths/Paths (2).prefab
  artifactKey: Guid(7945c0deca54237419b65f9d088e0e83) Importer(815301076,1909f56bfc062723c751e8b465ee728b)
Start importing Assets/Road/Paths/Paths (2).prefab using Guid(7945c0deca54237419b65f9d088e0e83) Importer(815301076,1909f56bfc062723c751e8b465ee728b)  -> (artifact id: '5aefaefae6f02b3705e01e950de03f56') in 0.057533 seconds 
========================================================================
Received Import Request.
  Time since last request: 0.532247 seconds.
  path: Assets/Road/Paths/Paths (2).prefab
  artifactKey: Guid(7945c0deca54237419b65f9d088e0e83) Importer(815301076,1909f56bfc062723c751e8b465ee728b)
Start importing Assets/Road/Paths/Paths (2).prefab using Guid(7945c0deca54237419b65f9d088e0e83) Importer(815301076,1909f56bfc062723c751e8b465ee728b)  -> (artifact id: '932b7b38bb6c475fe629b7cd602c7074') in 0.014992 seconds 
========================================================================
Received Import Request.
  Time since last request: 11.988680 seconds.
  path: Assets/Road/Paths/Paths (1).prefab
  artifactKey: Guid(2843044171d4f91498b85b9c43a05f03) Importer(815301076,1909f56bfc062723c751e8b465ee728b)
Start importing Assets/Road/Paths/Paths (1).prefab using Guid(2843044171d4f91498b85b9c43a05f03) Importer(815301076,1909f56bfc062723c751e8b465ee728b)  -> (artifact id: '072f462c075aefde2522a5f5037d9a33') in 0.013942 seconds 
========================================================================
Received Import Request.
  Time since last request: 0.379197 seconds.
  path: Assets/Road/Paths/Paths (1).prefab
  artifactKey: Guid(2843044171d4f91498b85b9c43a05f03) Importer(815301076,1909f56bfc062723c751e8b465ee728b)
Start importing Assets/Road/Paths/Paths (1).prefab using Guid(2843044171d4f91498b85b9c43a05f03) Importer(815301076,1909f56bfc062723c751e8b465ee728b)  -> (artifact id: 'b9c42988591eb110fcc60f69bbfec544') in 0.011426 seconds 
========================================================================
Received Import Request.
  Time since last request: 4.226295 seconds.
  path: Assets/Road/Paths/Paths (1).prefab
  artifactKey: Guid(2843044171d4f91498b85b9c43a05f03) Importer(815301076,1909f56bfc062723c751e8b465ee728b)
Start importing Assets/Road/Paths/Paths (1).prefab using Guid(2843044171d4f91498b85b9c43a05f03) Importer(815301076,1909f56bfc062723c751e8b465ee728b)  -> (artifact id: '5ab358dd71f08e92668df1fa1e71283d') in 0.013628 seconds 
========================================================================
Received Import Request.
  Time since last request: 0.356810 seconds.
  path: Assets/Road/Paths/Paths (1).prefab
  artifactKey: Guid(2843044171d4f91498b85b9c43a05f03) Importer(815301076,1909f56bfc062723c751e8b465ee728b)
Start importing Assets/Road/Paths/Paths (1).prefab using Guid(2843044171d4f91498b85b9c43a05f03) Importer(815301076,1909f56bfc062723c751e8b465ee728b)  -> (artifact id: 'cc51d277976e673ce74773a7503eb1f6') in 0.009855 seconds 
========================================================================
Received Import Request.
  Time since last request: 3.208208 seconds.
  path: Assets/Road/Paths/Paths (1).prefab
  artifactKey: Guid(2843044171d4f91498b85b9c43a05f03) Importer(815301076,1909f56bfc062723c751e8b465ee728b)
Start importing Assets/Road/Paths/Paths (1).prefab using Guid(2843044171d4f91498b85b9c43a05f03) Importer(815301076,1909f56bfc062723c751e8b465ee728b)  -> (artifact id: '23ab0e3fad3a1fd0525f1ea5ff780e71') in 0.011515 seconds 
========================================================================
Received Import Request.
  Time since last request: 11.087541 seconds.
  path: Assets/Road/Paths/Paths (1).prefab
  artifactKey: Guid(2843044171d4f91498b85b9c43a05f03) Importer(815301076,1909f56bfc062723c751e8b465ee728b)
Start importing Assets/Road/Paths/Paths (1).prefab using Guid(2843044171d4f91498b85b9c43a05f03) Importer(815301076,1909f56bfc062723c751e8b465ee728b)  -> (artifact id: '5c4fe7144025b7f3b14f38383b724891') in 0.011799 seconds 
========================================================================
Received Import Request.
  Time since last request: 11.120173 seconds.
  path: Assets/Road/Paths/Paths (1).prefab
  artifactKey: Guid(2843044171d4f91498b85b9c43a05f03) Importer(815301076,1909f56bfc062723c751e8b465ee728b)
Start importing Assets/Road/Paths/Paths (1).prefab using Guid(2843044171d4f91498b85b9c43a05f03) Importer(815301076,1909f56bfc062723c751e8b465ee728b)  -> (artifact id: '4793e02c3979c8411903897587654bf0') in 0.010547 seconds 
========================================================================
Received Import Request.
  Time since last request: 1.167570 seconds.
  path: Assets/Road/Paths/Paths (1).prefab
  artifactKey: Guid(2843044171d4f91498b85b9c43a05f03) Importer(815301076,1909f56bfc062723c751e8b465ee728b)
Start importing Assets/Road/Paths/Paths (1).prefab using Guid(2843044171d4f91498b85b9c43a05f03) Importer(815301076,1909f56bfc062723c751e8b465ee728b)  -> (artifact id: 'c0b578f3e470d6712ddbb0b3d48d9298') in 0.011008 seconds 
========================================================================
Received Import Request.
  Time since last request: 1.415277 seconds.
  path: Assets/Road/Paths/Paths (1).prefab
  artifactKey: Guid(2843044171d4f91498b85b9c43a05f03) Importer(815301076,1909f56bfc062723c751e8b465ee728b)
Start importing Assets/Road/Paths/Paths (1).prefab using Guid(2843044171d4f91498b85b9c43a05f03) Importer(815301076,1909f56bfc062723c751e8b465ee728b)  -> (artifact id: '14e0d77c77d7843076a7df6c5d3b038f') in 0.011252 seconds 
========================================================================
Received Import Request.
  Time since last request: 2.009133 seconds.
  path: Assets/Road/Paths/Paths (1).prefab
  artifactKey: Guid(2843044171d4f91498b85b9c43a05f03) Importer(815301076,1909f56bfc062723c751e8b465ee728b)
Start importing Assets/Road/Paths/Paths (1).prefab using Guid(2843044171d4f91498b85b9c43a05f03) Importer(815301076,1909f56bfc062723c751e8b465ee728b)  -> (artifact id: '7fcf73646c4e753cec0e46fa1d2c049e') in 0.012401 seconds 
========================================================================
Received Import Request.
  Time since last request: 5.831169 seconds.
  path: Assets/Road/Paths/Paths (1).prefab
  artifactKey: Guid(2843044171d4f91498b85b9c43a05f03) Importer(815301076,1909f56bfc062723c751e8b465ee728b)
Start importing Assets/Road/Paths/Paths (1).prefab using Guid(2843044171d4f91498b85b9c43a05f03) Importer(815301076,1909f56bfc062723c751e8b465ee728b)  -> (artifact id: '000867133a006e18acbc7237f6a32eda') in 0.011968 seconds 
========================================================================
Received Import Request.
  Time since last request: 5.034177 seconds.
  path: Assets/Road/Paths/Paths (1).prefab
  artifactKey: Guid(2843044171d4f91498b85b9c43a05f03) Importer(815301076,1909f56bfc062723c751e8b465ee728b)
Start importing Assets/Road/Paths/Paths (1).prefab using Guid(2843044171d4f91498b85b9c43a05f03) Importer(815301076,1909f56bfc062723c751e8b465ee728b)  -> (artifact id: 'f3f091505b0fdc0c56238e7488891e34') in 0.012649 seconds 
========================================================================
Received Import Request.
  Time since last request: 0.369897 seconds.
  path: Assets/Road/Paths/Paths (1).prefab
  artifactKey: Guid(2843044171d4f91498b85b9c43a05f03) Importer(815301076,1909f56bfc062723c751e8b465ee728b)
Start importing Assets/Road/Paths/Paths (1).prefab using Guid(2843044171d4f91498b85b9c43a05f03) Importer(815301076,1909f56bfc062723c751e8b465ee728b)  -> (artifact id: '165f366e545785a7a2f6d9d215af3f14') in 0.009211 seconds 
========================================================================
Received Import Request.
  Time since last request: 3.017401 seconds.
  path: Assets/Road/Paths/Paths (1).prefab
  artifactKey: Guid(2843044171d4f91498b85b9c43a05f03) Importer(815301076,1909f56bfc062723c751e8b465ee728b)
Start importing Assets/Road/Paths/Paths (1).prefab using Guid(2843044171d4f91498b85b9c43a05f03) Importer(815301076,1909f56bfc062723c751e8b465ee728b)  -> (artifact id: '21abbf62b540b0a1ef6346213c628c6a') in 0.010311 seconds 
========================================================================
Received Import Request.
  Time since last request: 18.436396 seconds.
  path: Assets/Road/Paths/Paths3.prefab
  artifactKey: Guid(e890905df9205e640a754ff247ca22e3) Importer(815301076,1909f56bfc062723c751e8b465ee728b)
Start importing Assets/Road/Paths/Paths3.prefab using Guid(e890905df9205e640a754ff247ca22e3) Importer(815301076,1909f56bfc062723c751e8b465ee728b)  -> (artifact id: '3802fda839698857c332cf3131841aa9') in 0.011706 seconds 
========================================================================
Received Import Request.
  Time since last request: 3.099554 seconds.
  path: Assets/Road/Paths/Paths3.prefab
  artifactKey: Guid(e890905df9205e640a754ff247ca22e3) Importer(815301076,1909f56bfc062723c751e8b465ee728b)
Start importing Assets/Road/Paths/Paths3.prefab using Guid(e890905df9205e640a754ff247ca22e3) Importer(815301076,1909f56bfc062723c751e8b465ee728b)  -> (artifact id: '325c4df32e2c79e2b9dd5137e1f28af7') in 0.012210 seconds 
========================================================================
Received Import Request.
  Time since last request: 1.541360 seconds.
  path: Assets/Road/Paths/Paths3.prefab
  artifactKey: Guid(e890905df9205e640a754ff247ca22e3) Importer(815301076,1909f56bfc062723c751e8b465ee728b)
Start importing Assets/Road/Paths/Paths3.prefab using Guid(e890905df9205e640a754ff247ca22e3) Importer(815301076,1909f56bfc062723c751e8b465ee728b)  -> (artifact id: 'b1c443e89f2600e61a3865a0c113d72d') in 0.010407 seconds 
========================================================================
Received Import Request.
  Time since last request: 1.512435 seconds.
  path: Assets/Road/Paths/Paths3.prefab
  artifactKey: Guid(e890905df9205e640a754ff247ca22e3) Importer(815301076,1909f56bfc062723c751e8b465ee728b)
Start importing Assets/Road/Paths/Paths3.prefab using Guid(e890905df9205e640a754ff247ca22e3) Importer(815301076,1909f56bfc062723c751e8b465ee728b)  -> (artifact id: '92ec18eb898b726c42d0aa38cfd9d856') in 0.009219 seconds 
========================================================================
Received Import Request.
  Time since last request: 6.264896 seconds.
  path: Assets/Road/Paths/Paths3.prefab
  artifactKey: Guid(e890905df9205e640a754ff247ca22e3) Importer(815301076,1909f56bfc062723c751e8b465ee728b)
Start importing Assets/Road/Paths/Paths3.prefab using Guid(e890905df9205e640a754ff247ca22e3) Importer(815301076,1909f56bfc062723c751e8b465ee728b)  -> (artifact id: 'e7182b405f2a9329722a1cfbaf7be91d') in 0.011362 seconds 
========================================================================
Received Import Request.
  Time since last request: 2.378208 seconds.
  path: Assets/Road/Paths/Paths3.prefab
  artifactKey: Guid(e890905df9205e640a754ff247ca22e3) Importer(815301076,1909f56bfc062723c751e8b465ee728b)
Start importing Assets/Road/Paths/Paths3.prefab using Guid(e890905df9205e640a754ff247ca22e3) Importer(815301076,1909f56bfc062723c751e8b465ee728b)  -> (artifact id: '70004decbf1bcad25ed8085c9f1238d9') in 0.011049 seconds 
========================================================================
Received Import Request.
  Time since last request: 3.830021 seconds.
  path: Assets/Road/Paths/Paths3.prefab
  artifactKey: Guid(e890905df9205e640a754ff247ca22e3) Importer(815301076,1909f56bfc062723c751e8b465ee728b)
Start importing Assets/Road/Paths/Paths3.prefab using Guid(e890905df9205e640a754ff247ca22e3) Importer(815301076,1909f56bfc062723c751e8b465ee728b)  -> (artifact id: 'c43fe204471c410fa18e3d0d59bdf43e') in 0.010548 seconds 
========================================================================
Received Import Request.
  Time since last request: 1.192605 seconds.
  path: Assets/Road/Paths/Paths3.prefab
  artifactKey: Guid(e890905df9205e640a754ff247ca22e3) Importer(815301076,1909f56bfc062723c751e8b465ee728b)
Start importing Assets/Road/Paths/Paths3.prefab using Guid(e890905df9205e640a754ff247ca22e3) Importer(815301076,1909f56bfc062723c751e8b465ee728b)  -> (artifact id: '7dc4db630fd2e49eae712cbff73132f7') in 0.011308 seconds 
========================================================================
Received Import Request.
  Time since last request: 5.237792 seconds.
  path: Assets/Road/Paths/Paths3.prefab
  artifactKey: Guid(e890905df9205e640a754ff247ca22e3) Importer(815301076,1909f56bfc062723c751e8b465ee728b)
Start importing Assets/Road/Paths/Paths3.prefab using Guid(e890905df9205e640a754ff247ca22e3) Importer(815301076,1909f56bfc062723c751e8b465ee728b)  -> (artifact id: '2d35b34a7f0e067cd5885ef507cbb1d0') in 0.010449 seconds 
========================================================================
Received Import Request.
  Time since last request: 1.814881 seconds.
  path: Assets/Road/Paths/Paths3.prefab
  artifactKey: Guid(e890905df9205e640a754ff247ca22e3) Importer(815301076,1909f56bfc062723c751e8b465ee728b)
Start importing Assets/Road/Paths/Paths3.prefab using Guid(e890905df9205e640a754ff247ca22e3) Importer(815301076,1909f56bfc062723c751e8b465ee728b)  -> (artifact id: 'f4b803ba7ffc56977ef829d230dd1584') in 0.011074 seconds 
========================================================================
Received Import Request.
  Time since last request: 0.984383 seconds.
  path: Assets/Road/Paths/Paths3.prefab
  artifactKey: Guid(e890905df9205e640a754ff247ca22e3) Importer(815301076,1909f56bfc062723c751e8b465ee728b)
Start importing Assets/Road/Paths/Paths3.prefab using Guid(e890905df9205e640a754ff247ca22e3) Importer(815301076,1909f56bfc062723c751e8b465ee728b)  -> (artifact id: '5319972c326700daaa5fa110f221acf6') in 0.012522 seconds 
========================================================================
Received Import Request.
  Time since last request: 3.434487 seconds.
  path: Assets/Road/Paths/Paths3.prefab
  artifactKey: Guid(e890905df9205e640a754ff247ca22e3) Importer(815301076,1909f56bfc062723c751e8b465ee728b)
Start importing Assets/Road/Paths/Paths3.prefab using Guid(e890905df9205e640a754ff247ca22e3) Importer(815301076,1909f56bfc062723c751e8b465ee728b)  -> (artifact id: 'a4e57b7ad58d31120a39ce3fc3b07aaf') in 0.013013 seconds 
========================================================================
Received Import Request.
  Time since last request: 2.812794 seconds.
  path: Assets/Road/Paths/Paths3.prefab
  artifactKey: Guid(e890905df9205e640a754ff247ca22e3) Importer(815301076,1909f56bfc062723c751e8b465ee728b)
Start importing Assets/Road/Paths/Paths3.prefab using Guid(e890905df9205e640a754ff247ca22e3) Importer(815301076,1909f56bfc062723c751e8b465ee728b)  -> (artifact id: 'f4139834a72dedb2eb423163067678cb') in 0.011802 seconds 
========================================================================
Received Import Request.
  Time since last request: 3.419275 seconds.
  path: Assets/Road/Paths/Paths3.prefab
  artifactKey: Guid(e890905df9205e640a754ff247ca22e3) Importer(815301076,1909f56bfc062723c751e8b465ee728b)
Start importing Assets/Road/Paths/Paths3.prefab using Guid(e890905df9205e640a754ff247ca22e3) Importer(815301076,1909f56bfc062723c751e8b465ee728b)  -> (artifact id: '8e394c404847983805b3aedfdfc8f5ee') in 0.010315 seconds 
========================================================================
Received Import Request.
  Time since last request: 1.598692 seconds.
  path: Assets/Road/Paths/Paths3.prefab
  artifactKey: Guid(e890905df9205e640a754ff247ca22e3) Importer(815301076,1909f56bfc062723c751e8b465ee728b)
Start importing Assets/Road/Paths/Paths3.prefab using Guid(e890905df9205e640a754ff247ca22e3) Importer(815301076,1909f56bfc062723c751e8b465ee728b)  -> (artifact id: '335fd5a1f81004ec43619369db1fc48b') in 0.011974 seconds 
========================================================================
Received Import Request.
  Time since last request: 2.601851 seconds.
  path: Assets/Road/Paths/Paths3.prefab
  artifactKey: Guid(e890905df9205e640a754ff247ca22e3) Importer(815301076,1909f56bfc062723c751e8b465ee728b)
Start importing Assets/Road/Paths/Paths3.prefab using Guid(e890905df9205e640a754ff247ca22e3) Importer(815301076,1909f56bfc062723c751e8b465ee728b)  -> (artifact id: '2ad63f8cb59fca36211bd80ece1fa78f') in 0.010828 seconds 
========================================================================
Received Import Request.
  Time since last request: 0.589901 seconds.
  path: Assets/Road/Paths/Paths3.prefab
  artifactKey: Guid(e890905df9205e640a754ff247ca22e3) Importer(815301076,1909f56bfc062723c751e8b465ee728b)
Start importing Assets/Road/Paths/Paths3.prefab using Guid(e890905df9205e640a754ff247ca22e3) Importer(815301076,1909f56bfc062723c751e8b465ee728b)  -> (artifact id: '65c465578aec292952948f9362ee2819') in 0.012525 seconds 
========================================================================
Received Import Request.
  Time since last request: 2.412866 seconds.
  path: Assets/Road/Paths/Paths3.prefab
  artifactKey: Guid(e890905df9205e640a754ff247ca22e3) Importer(815301076,1909f56bfc062723c751e8b465ee728b)
Start importing Assets/Road/Paths/Paths3.prefab using Guid(e890905df9205e640a754ff247ca22e3) Importer(815301076,1909f56bfc062723c751e8b465ee728b)  -> (artifact id: 'ac202472d1fbb74bffc7255e2444c5a1') in 0.010216 seconds 
========================================================================
Received Import Request.
  Time since last request: 2.612914 seconds.
  path: Assets/Road/Paths/Paths3.prefab
  artifactKey: Guid(e890905df9205e640a754ff247ca22e3) Importer(815301076,1909f56bfc062723c751e8b465ee728b)
Start importing Assets/Road/Paths/Paths3.prefab using Guid(e890905df9205e640a754ff247ca22e3) Importer(815301076,1909f56bfc062723c751e8b465ee728b)  -> (artifact id: '5b09c3b862aa231964e32299f3a4d431') in 0.010724 seconds 
========================================================================
Received Import Request.
  Time since last request: 3.033993 seconds.
  path: Assets/Road/Paths/Paths3.prefab
  artifactKey: Guid(e890905df9205e640a754ff247ca22e3) Importer(815301076,1909f56bfc062723c751e8b465ee728b)
Start importing Assets/Road/Paths/Paths3.prefab using Guid(e890905df9205e640a754ff247ca22e3) Importer(815301076,1909f56bfc062723c751e8b465ee728b)  -> (artifact id: '65cff48c57b4decf64d9e34d51315ba8') in 0.011976 seconds 
========================================================================
Received Import Request.
  Time since last request: 1.578238 seconds.
  path: Assets/Road/Paths/Paths3.prefab
  artifactKey: Guid(e890905df9205e640a754ff247ca22e3) Importer(815301076,1909f56bfc062723c751e8b465ee728b)
Start importing Assets/Road/Paths/Paths3.prefab using Guid(e890905df9205e640a754ff247ca22e3) Importer(815301076,1909f56bfc062723c751e8b465ee728b)  -> (artifact id: 'c1ecdec8cfe740feca71507c48b05eb0') in 0.010886 seconds 
========================================================================
Received Import Request.
  Time since last request: 4.832123 seconds.
  path: Assets/Road/Paths/Paths3.prefab
  artifactKey: Guid(e890905df9205e640a754ff247ca22e3) Importer(815301076,1909f56bfc062723c751e8b465ee728b)
Start importing Assets/Road/Paths/Paths3.prefab using Guid(e890905df9205e640a754ff247ca22e3) Importer(815301076,1909f56bfc062723c751e8b465ee728b)  -> (artifact id: '30cd88a1361409461b8fdad60fdc8230') in 0.010602 seconds 
========================================================================
Received Import Request.
  Time since last request: 2.008227 seconds.
  path: Assets/Road/Paths/Paths3.prefab
  artifactKey: Guid(e890905df9205e640a754ff247ca22e3) Importer(815301076,1909f56bfc062723c751e8b465ee728b)
Start importing Assets/Road/Paths/Paths3.prefab using Guid(e890905df9205e640a754ff247ca22e3) Importer(815301076,1909f56bfc062723c751e8b465ee728b)  -> (artifact id: '5567ac900087f3dfcd4fbdcad98d5234') in 0.011197 seconds 
========================================================================
Received Import Request.
  Time since last request: 3.611974 seconds.
  path: Assets/Road/Paths/Paths3.prefab
  artifactKey: Guid(e890905df9205e640a754ff247ca22e3) Importer(815301076,1909f56bfc062723c751e8b465ee728b)
Start importing Assets/Road/Paths/Paths3.prefab using Guid(e890905df9205e640a754ff247ca22e3) Importer(815301076,1909f56bfc062723c751e8b465ee728b)  -> (artifact id: '6cf7903f5a095ad3cf8f87ddd936542d') in 0.010856 seconds 
========================================================================
Received Import Request.
  Time since last request: 5.639185 seconds.
  path: Assets/Road/Paths/Paths3.prefab
  artifactKey: Guid(e890905df9205e640a754ff247ca22e3) Importer(815301076,1909f56bfc062723c751e8b465ee728b)
Start importing Assets/Road/Paths/Paths3.prefab using Guid(e890905df9205e640a754ff247ca22e3) Importer(815301076,1909f56bfc062723c751e8b465ee728b)  -> (artifact id: '0f647f1108b73f7838b5c91e8dad92b8') in 0.010751 seconds 
========================================================================
Received Import Request.
  Time since last request: 7.067411 seconds.
  path: Assets/Road/Paths/Paths3.prefab
  artifactKey: Guid(e890905df9205e640a754ff247ca22e3) Importer(815301076,1909f56bfc062723c751e8b465ee728b)
Start importing Assets/Road/Paths/Paths3.prefab using Guid(e890905df9205e640a754ff247ca22e3) Importer(815301076,1909f56bfc062723c751e8b465ee728b)  -> (artifact id: 'ecb3dea89c9ff08f23a1b5e8387f3b29') in 0.011304 seconds 
========================================================================
Received Import Request.
  Time since last request: 5.035058 seconds.
  path: Assets/Road/Paths/Paths3.prefab
  artifactKey: Guid(e890905df9205e640a754ff247ca22e3) Importer(815301076,1909f56bfc062723c751e8b465ee728b)
Start importing Assets/Road/Paths/Paths3.prefab using Guid(e890905df9205e640a754ff247ca22e3) Importer(815301076,1909f56bfc062723c751e8b465ee728b)  -> (artifact id: '7ad9ce85ab7bccab7337d4b5a25b96f7') in 0.011722 seconds 
========================================================================
Received Import Request.
  Time since last request: 5.434946 seconds.
  path: Assets/Road/Paths/Paths3.prefab
  artifactKey: Guid(e890905df9205e640a754ff247ca22e3) Importer(815301076,1909f56bfc062723c751e8b465ee728b)
Start importing Assets/Road/Paths/Paths3.prefab using Guid(e890905df9205e640a754ff247ca22e3) Importer(815301076,1909f56bfc062723c751e8b465ee728b)  -> (artifact id: '7dbb5afe53caa21c7ba83230f57816d4') in 0.011315 seconds 
========================================================================
Received Import Request.
  Time since last request: 6.633451 seconds.
  path: Assets/Road/Paths/Paths3.prefab
  artifactKey: Guid(e890905df9205e640a754ff247ca22e3) Importer(815301076,1909f56bfc062723c751e8b465ee728b)
Start importing Assets/Road/Paths/Paths3.prefab using Guid(e890905df9205e640a754ff247ca22e3) Importer(815301076,1909f56bfc062723c751e8b465ee728b)  -> (artifact id: 'f0b801e3a5f7f00d77ffcb43e9905368') in 0.010951 seconds 
========================================================================
Received Import Request.
  Time since last request: 2.654440 seconds.
  path: Assets/Road/Paths/Paths3.prefab
  artifactKey: Guid(e890905df9205e640a754ff247ca22e3) Importer(815301076,1909f56bfc062723c751e8b465ee728b)
Start importing Assets/Road/Paths/Paths3.prefab using Guid(e890905df9205e640a754ff247ca22e3) Importer(815301076,1909f56bfc062723c751e8b465ee728b)  -> (artifact id: 'db7bd0489af247770831a53a5dd02618') in 0.012308 seconds 
========================================================================
Received Import Request.
  Time since last request: 54.536184 seconds.
  path: Assets/Obstacle/UObstacle.prefab
  artifactKey: Guid(8481e1a7a26bc3548a0a938897d76d19) Importer(815301076,1909f56bfc062723c751e8b465ee728b)
Start importing Assets/Obstacle/UObstacle.prefab using Guid(8481e1a7a26bc3548a0a938897d76d19) Importer(815301076,1909f56bfc062723c751e8b465ee728b)  -> (artifact id: '57c4c3dfe7648cdc7837c843348a5f7d') in 0.010160 seconds 
========================================================================
Received Import Request.
  Time since last request: 106.324891 seconds.
  path: Assets/Obstacle/XObstacle.prefab
  artifactKey: Guid(bff57fc534baf174f93493e13cd59cda) Importer(815301076,1909f56bfc062723c751e8b465ee728b)
Start importing Assets/Obstacle/XObstacle.prefab using Guid(bff57fc534baf174f93493e13cd59cda) Importer(815301076,1909f56bfc062723c751e8b465ee728b)  -> (artifact id: '45d9881d452de64497dc54c73659fce1') in 0.010646 seconds 
========================================================================
Received Import Request.
  Time since last request: 144.467046 seconds.
  path: Assets/Road/Paths/Paths3.prefab
  artifactKey: Guid(e890905df9205e640a754ff247ca22e3) Importer(815301076,1909f56bfc062723c751e8b465ee728b)
Start importing Assets/Road/Paths/Paths3.prefab using Guid(e890905df9205e640a754ff247ca22e3) Importer(815301076,1909f56bfc062723c751e8b465ee728b)  -> (artifact id: '90888c2038ec4badf643ceae6134d4e2') in 0.011625 seconds 
========================================================================
Received Import Request.
  Time since last request: 38.920590 seconds.
  path: Assets/Road/Paths/Paths4.prefab
  artifactKey: Guid(7dd76743f51734147a098daddf16c34c) Importer(815301076,1909f56bfc062723c751e8b465ee728b)
Start importing Assets/Road/Paths/Paths4.prefab using Guid(7dd76743f51734147a098daddf16c34c) Importer(815301076,1909f56bfc062723c751e8b465ee728b)  -> (artifact id: '5712669b988acde6c6efafe658bb13f7') in 0.011453 seconds 
========================================================================
Received Import Request.
  Time since last request: 448.625148 seconds.
  path: Assets/Road/Paths/Paths6.prefab
  artifactKey: Guid(a6f34dabbef5c8b45ab2122ec0833e80) Importer(815301076,1909f56bfc062723c751e8b465ee728b)
Start importing Assets/Road/Paths/Paths6.prefab using Guid(a6f34dabbef5c8b45ab2122ec0833e80) Importer(815301076,1909f56bfc062723c751e8b465ee728b)  -> (artifact id: '2060c1d9a542220a799686a9cc62b832') in 0.014646 seconds 
========================================================================
Received Import Request.
  Time since last request: 14.270258 seconds.
  path: Assets/Road/Paths/Paths5.prefab
  artifactKey: Guid(599304af12f46c44e85605564ebb631d) Importer(815301076,1909f56bfc062723c751e8b465ee728b)
Start importing Assets/Road/Paths/Paths5.prefab using Guid(599304af12f46c44e85605564ebb631d) Importer(815301076,1909f56bfc062723c751e8b465ee728b)  -> (artifact id: '16a8a446c9103c90850dc5989317c67b') in 0.011683 seconds 
========================================================================
Received Import Request.
  Time since last request: 8.455928 seconds.
  path: Assets/Road/Paths/Paths5.prefab
  artifactKey: Guid(599304af12f46c44e85605564ebb631d) Importer(815301076,1909f56bfc062723c751e8b465ee728b)
Start importing Assets/Road/Paths/Paths5.prefab using Guid(599304af12f46c44e85605564ebb631d) Importer(815301076,1909f56bfc062723c751e8b465ee728b)  -> (artifact id: '274a43487f5de889f82b0ed86aae0d06') in 0.010583 seconds 
========================================================================
Received Import Request.
  Time since last request: 1.920155 seconds.
  path: Assets/Road/Paths/Paths5.prefab
  artifactKey: Guid(599304af12f46c44e85605564ebb631d) Importer(815301076,1909f56bfc062723c751e8b465ee728b)
Start importing Assets/Road/Paths/Paths5.prefab using Guid(599304af12f46c44e85605564ebb631d) Importer(815301076,1909f56bfc062723c751e8b465ee728b)  -> (artifact id: '62205abc85074104577628cd448d9ddf') in 0.011614 seconds 
========================================================================
Received Import Request.
  Time since last request: 8.341234 seconds.
  path: Assets/Road/Paths/Paths5.prefab
  artifactKey: Guid(599304af12f46c44e85605564ebb631d) Importer(815301076,1909f56bfc062723c751e8b465ee728b)
Start importing Assets/Road/Paths/Paths5.prefab using Guid(599304af12f46c44e85605564ebb631d) Importer(815301076,1909f56bfc062723c751e8b465ee728b)  -> (artifact id: '897e5be55a37206b2c506930e3b8d5f6') in 0.010316 seconds 
========================================================================
Received Import Request.
  Time since last request: 2.135874 seconds.
  path: Assets/Road/Paths/Paths5.prefab
  artifactKey: Guid(599304af12f46c44e85605564ebb631d) Importer(815301076,1909f56bfc062723c751e8b465ee728b)
Start importing Assets/Road/Paths/Paths5.prefab using Guid(599304af12f46c44e85605564ebb631d) Importer(815301076,1909f56bfc062723c751e8b465ee728b)  -> (artifact id: '6888497bbd158fb038267192891ac404') in 0.012401 seconds 
========================================================================
Received Import Request.
  Time since last request: 1.159380 seconds.
  path: Assets/Road/Paths/Paths5.prefab
  artifactKey: Guid(599304af12f46c44e85605564ebb631d) Importer(815301076,1909f56bfc062723c751e8b465ee728b)
Start importing Assets/Road/Paths/Paths5.prefab using Guid(599304af12f46c44e85605564ebb631d) Importer(815301076,1909f56bfc062723c751e8b465ee728b)  -> (artifact id: '9c54df28cd943d2664d3a6fbb2125c4b') in 0.010821 seconds 
========================================================================
Received Import Request.
  Time since last request: 18.973170 seconds.
  path: Assets/Road/Paths/Paths6.prefab
  artifactKey: Guid(a6f34dabbef5c8b45ab2122ec0833e80) Importer(815301076,1909f56bfc062723c751e8b465ee728b)
Start importing Assets/Road/Paths/Paths6.prefab using Guid(a6f34dabbef5c8b45ab2122ec0833e80) Importer(815301076,1909f56bfc062723c751e8b465ee728b)  -> (artifact id: '6ef189a57ea08c8ea7c580177d3a3b27') in 0.011380 seconds 
========================================================================
Received Import Request.
  Time since last request: 6.033905 seconds.
  path: Assets/Road/Paths/Paths6.prefab
  artifactKey: Guid(a6f34dabbef5c8b45ab2122ec0833e80) Importer(815301076,1909f56bfc062723c751e8b465ee728b)
Start importing Assets/Road/Paths/Paths6.prefab using Guid(a6f34dabbef5c8b45ab2122ec0833e80) Importer(815301076,1909f56bfc062723c751e8b465ee728b)  -> (artifact id: '2b279a542500fef26ee6acbe1d29d9d7') in 0.011580 seconds 
========================================================================
Received Import Request.
  Time since last request: 1.811780 seconds.
  path: Assets/Road/Paths/Paths6.prefab
  artifactKey: Guid(a6f34dabbef5c8b45ab2122ec0833e80) Importer(815301076,1909f56bfc062723c751e8b465ee728b)
Start importing Assets/Road/Paths/Paths6.prefab using Guid(a6f34dabbef5c8b45ab2122ec0833e80) Importer(815301076,1909f56bfc062723c751e8b465ee728b)  -> (artifact id: 'dca1700139c3c6b7edcd03716136063d') in 0.013610 seconds 
========================================================================
Received Import Request.
  Time since last request: 4.620696 seconds.
  path: Assets/Road/Paths/Paths6.prefab
  artifactKey: Guid(a6f34dabbef5c8b45ab2122ec0833e80) Importer(815301076,1909f56bfc062723c751e8b465ee728b)
Start importing Assets/Road/Paths/Paths6.prefab using Guid(a6f34dabbef5c8b45ab2122ec0833e80) Importer(815301076,1909f56bfc062723c751e8b465ee728b)  -> (artifact id: 'fa7d803f2b8f0cca873f44d9c49ae97a') in 0.013119 seconds 
========================================================================
Received Import Request.
  Time since last request: 1.601574 seconds.
  path: Assets/Road/Paths/Paths6.prefab
  artifactKey: Guid(a6f34dabbef5c8b45ab2122ec0833e80) Importer(815301076,1909f56bfc062723c751e8b465ee728b)
Start importing Assets/Road/Paths/Paths6.prefab using Guid(a6f34dabbef5c8b45ab2122ec0833e80) Importer(815301076,1909f56bfc062723c751e8b465ee728b)  -> (artifact id: '8e1d8ae89b8c6e5846ef7fe04cf12ef1') in 0.010836 seconds 
========================================================================
Received Import Request.
  Time since last request: 1.813345 seconds.
  path: Assets/Road/Paths/Paths6.prefab
  artifactKey: Guid(a6f34dabbef5c8b45ab2122ec0833e80) Importer(815301076,1909f56bfc062723c751e8b465ee728b)
Start importing Assets/Road/Paths/Paths6.prefab using Guid(a6f34dabbef5c8b45ab2122ec0833e80) Importer(815301076,1909f56bfc062723c751e8b465ee728b)  -> (artifact id: '18aab9e4e897d80f4f17db82ade5781f') in 0.011788 seconds 
========================================================================
Received Import Request.
  Time since last request: 7.031977 seconds.
  path: Assets/Road/Paths/Paths6.prefab
  artifactKey: Guid(a6f34dabbef5c8b45ab2122ec0833e80) Importer(815301076,1909f56bfc062723c751e8b465ee728b)
Start importing Assets/Road/Paths/Paths6.prefab using Guid(a6f34dabbef5c8b45ab2122ec0833e80) Importer(815301076,1909f56bfc062723c751e8b465ee728b)  -> (artifact id: 'cd8fdeb00e70dfc96c694c7433f72088') in 0.012705 seconds 
========================================================================
Received Import Request.
  Time since last request: 1.605729 seconds.
  path: Assets/Road/Paths/Paths6.prefab
  artifactKey: Guid(a6f34dabbef5c8b45ab2122ec0833e80) Importer(815301076,1909f56bfc062723c751e8b465ee728b)
Start importing Assets/Road/Paths/Paths6.prefab using Guid(a6f34dabbef5c8b45ab2122ec0833e80) Importer(815301076,1909f56bfc062723c751e8b465ee728b)  -> (artifact id: 'd8dfffacb8039fff70d2eb5900919737') in 0.012283 seconds 
========================================================================
Received Import Request.
  Time since last request: 12.352913 seconds.
  path: Assets/Road/Paths/Paths7.prefab
  artifactKey: Guid(f2225e06fb1dcb44498a78ba8e4ecd7a) Importer(815301076,1909f56bfc062723c751e8b465ee728b)
Start importing Assets/Road/Paths/Paths7.prefab using Guid(f2225e06fb1dcb44498a78ba8e4ecd7a) Importer(815301076,1909f56bfc062723c751e8b465ee728b)  -> (artifact id: '911110f0dc57a2a0729e2f60169dc41e') in 0.012722 seconds 
========================================================================
Received Import Request.
  Time since last request: 1.176022 seconds.
  path: Assets/Road/Paths/Paths7.prefab
  artifactKey: Guid(f2225e06fb1dcb44498a78ba8e4ecd7a) Importer(815301076,1909f56bfc062723c751e8b465ee728b)
Start importing Assets/Road/Paths/Paths7.prefab using Guid(f2225e06fb1dcb44498a78ba8e4ecd7a) Importer(815301076,1909f56bfc062723c751e8b465ee728b)  -> (artifact id: '17ad8e0de83970fc469125e4c3363e12') in 0.011399 seconds 
========================================================================
Received Import Request.
  Time since last request: 1.795587 seconds.
  path: Assets/Road/Paths/Paths7.prefab
  artifactKey: Guid(f2225e06fb1dcb44498a78ba8e4ecd7a) Importer(815301076,1909f56bfc062723c751e8b465ee728b)
Start importing Assets/Road/Paths/Paths7.prefab using Guid(f2225e06fb1dcb44498a78ba8e4ecd7a) Importer(815301076,1909f56bfc062723c751e8b465ee728b)  -> (artifact id: '15cb26cf2089458bc579197fa52af5bb') in 0.011582 seconds 
========================================================================
Received Import Request.
  Time since last request: 13.094633 seconds.
  path: Assets/Road/Paths/Paths7.prefab
  artifactKey: Guid(f2225e06fb1dcb44498a78ba8e4ecd7a) Importer(815301076,1909f56bfc062723c751e8b465ee728b)
Start importing Assets/Road/Paths/Paths7.prefab using Guid(f2225e06fb1dcb44498a78ba8e4ecd7a) Importer(815301076,1909f56bfc062723c751e8b465ee728b)  -> (artifact id: 'b7fc2b59b7692039cbbf3e7a38850af3') in 0.013218 seconds 
========================================================================
Received Import Request.
  Time since last request: 4.252692 seconds.
  path: Assets/Road/Paths/Paths7.prefab
  artifactKey: Guid(f2225e06fb1dcb44498a78ba8e4ecd7a) Importer(815301076,1909f56bfc062723c751e8b465ee728b)
Start importing Assets/Road/Paths/Paths7.prefab using Guid(f2225e06fb1dcb44498a78ba8e4ecd7a) Importer(815301076,1909f56bfc062723c751e8b465ee728b)  -> (artifact id: '125e376f3d61c95654124b7afcb031bc') in 0.011418 seconds 
========================================================================
Received Import Request.
  Time since last request: 2.999532 seconds.
  path: Assets/Road/Paths/Paths7.prefab
  artifactKey: Guid(f2225e06fb1dcb44498a78ba8e4ecd7a) Importer(815301076,1909f56bfc062723c751e8b465ee728b)
Start importing Assets/Road/Paths/Paths7.prefab using Guid(f2225e06fb1dcb44498a78ba8e4ecd7a) Importer(815301076,1909f56bfc062723c751e8b465ee728b)  -> (artifact id: '79ed5c3407f6d381d2cc0634966c7035') in 0.012616 seconds 
========================================================================
Received Import Request.
  Time since last request: 6.444912 seconds.
  path: Assets/Road/Paths/Paths8.prefab
  artifactKey: Guid(b27a2d90837ea2541b80e1d830db02ff) Importer(815301076,1909f56bfc062723c751e8b465ee728b)
Start importing Assets/Road/Paths/Paths8.prefab using Guid(b27a2d90837ea2541b80e1d830db02ff) Importer(815301076,1909f56bfc062723c751e8b465ee728b)  -> (artifact id: '9634f107f34a5820aa4c6d75bc27fe12') in 0.012059 seconds 
========================================================================
Received Import Request.
  Time since last request: 1.195567 seconds.
  path: Assets/Road/Paths/Paths8.prefab
  artifactKey: Guid(b27a2d90837ea2541b80e1d830db02ff) Importer(815301076,1909f56bfc062723c751e8b465ee728b)
Start importing Assets/Road/Paths/Paths8.prefab using Guid(b27a2d90837ea2541b80e1d830db02ff) Importer(815301076,1909f56bfc062723c751e8b465ee728b)  -> (artifact id: 'f19492664d970684d69ea830993380af') in 0.011775 seconds 
========================================================================
Received Import Request.
  Time since last request: 8.599018 seconds.
  path: Assets/Road/Paths/Paths9.prefab
  artifactKey: Guid(5cac2ca476da47442a9a96788c41073b) Importer(815301076,1909f56bfc062723c751e8b465ee728b)
Start importing Assets/Road/Paths/Paths9.prefab using Guid(5cac2ca476da47442a9a96788c41073b) Importer(815301076,1909f56bfc062723c751e8b465ee728b)  -> (artifact id: 'f6b73fcf5ad1b06f72b49bca57ed8794') in 0.012748 seconds 
========================================================================
Received Import Request.
  Time since last request: 1.707491 seconds.
  path: Assets/Road/Paths/Paths9.prefab
  artifactKey: Guid(5cac2ca476da47442a9a96788c41073b) Importer(815301076,1909f56bfc062723c751e8b465ee728b)
Start importing Assets/Road/Paths/Paths9.prefab using Guid(5cac2ca476da47442a9a96788c41073b) Importer(815301076,1909f56bfc062723c751e8b465ee728b)  -> (artifact id: 'a95a2e563be230cd8f0fad906644ad7d') in 0.011489 seconds 
========================================================================
Received Import Request.
  Time since last request: 0.988303 seconds.
  path: Assets/Road/Paths/Paths9.prefab
  artifactKey: Guid(5cac2ca476da47442a9a96788c41073b) Importer(815301076,1909f56bfc062723c751e8b465ee728b)
Start importing Assets/Road/Paths/Paths9.prefab using Guid(5cac2ca476da47442a9a96788c41073b) Importer(815301076,1909f56bfc062723c751e8b465ee728b)  -> (artifact id: 'e4e2b512153628b82f21443bb4c209ab') in 0.014247 seconds 
========================================================================
Received Import Request.
  Time since last request: 2.805923 seconds.
  path: Assets/Road/Paths/Paths9.prefab
  artifactKey: Guid(5cac2ca476da47442a9a96788c41073b) Importer(815301076,1909f56bfc062723c751e8b465ee728b)
Start importing Assets/Road/Paths/Paths9.prefab using Guid(5cac2ca476da47442a9a96788c41073b) Importer(815301076,1909f56bfc062723c751e8b465ee728b)  -> (artifact id: '666bc5399e75b917d3da11800a0943f4') in 0.011938 seconds 
========================================================================
Received Import Request.
  Time since last request: 0.977509 seconds.
  path: Assets/Road/Paths/Paths9.prefab
  artifactKey: Guid(5cac2ca476da47442a9a96788c41073b) Importer(815301076,1909f56bfc062723c751e8b465ee728b)
Start importing Assets/Road/Paths/Paths9.prefab using Guid(5cac2ca476da47442a9a96788c41073b) Importer(815301076,1909f56bfc062723c751e8b465ee728b)  -> (artifact id: 'e3b667e7697b06c3b26c49f1b278a29c') in 0.012708 seconds 
========================================================================
Received Import Request.
  Time since last request: 0.862537 seconds.
  path: Assets/Road/Paths/Paths9.prefab
  artifactKey: Guid(5cac2ca476da47442a9a96788c41073b) Importer(815301076,1909f56bfc062723c751e8b465ee728b)
Start importing Assets/Road/Paths/Paths9.prefab using Guid(5cac2ca476da47442a9a96788c41073b) Importer(815301076,1909f56bfc062723c751e8b465ee728b)  -> (artifact id: '79040b90eeb326b66421bba13b54b199') in 0.013412 seconds 
========================================================================
Received Import Request.
  Time since last request: 0.805752 seconds.
  path: Assets/Road/Paths/Paths9.prefab
  artifactKey: Guid(5cac2ca476da47442a9a96788c41073b) Importer(815301076,1909f56bfc062723c751e8b465ee728b)
Start importing Assets/Road/Paths/Paths9.prefab using Guid(5cac2ca476da47442a9a96788c41073b) Importer(815301076,1909f56bfc062723c751e8b465ee728b)  -> (artifact id: '32f3671b524a2132e2c7edb90ffb7012') in 0.012218 seconds 
========================================================================
Received Import Request.
  Time since last request: 1.575402 seconds.
  path: Assets/Road/Paths/Paths9.prefab
  artifactKey: Guid(5cac2ca476da47442a9a96788c41073b) Importer(815301076,1909f56bfc062723c751e8b465ee728b)
Start importing Assets/Road/Paths/Paths9.prefab using Guid(5cac2ca476da47442a9a96788c41073b) Importer(815301076,1909f56bfc062723c751e8b465ee728b)  -> (artifact id: 'c926d0fbd77d8481a37ad158a30c150c') in 0.014661 seconds 
========================================================================
Received Import Request.
  Time since last request: 41.075478 seconds.
  path: Assets/Road/Paths/Paths8.prefab
  artifactKey: Guid(b27a2d90837ea2541b80e1d830db02ff) Importer(815301076,1909f56bfc062723c751e8b465ee728b)
Start importing Assets/Road/Paths/Paths8.prefab using Guid(b27a2d90837ea2541b80e1d830db02ff) Importer(815301076,1909f56bfc062723c751e8b465ee728b)  -> (artifact id: '9a11424083e9fe1c652bb248487816fc') in 0.012884 seconds 
========================================================================
Received Import Request.
  Time since last request: 9.839127 seconds.
  path: Assets/Road/Paths/Paths8.prefab
  artifactKey: Guid(b27a2d90837ea2541b80e1d830db02ff) Importer(815301076,1909f56bfc062723c751e8b465ee728b)
Start importing Assets/Road/Paths/Paths8.prefab using Guid(b27a2d90837ea2541b80e1d830db02ff) Importer(815301076,1909f56bfc062723c751e8b465ee728b)  -> (artifact id: 'a3676cae3f9f9ff3ec8aeec14e9a4f90') in 0.012115 seconds 
========================================================================
Received Import Request.
  Time since last request: 5.840015 seconds.
  path: Assets/Road/Paths/Paths8.prefab
  artifactKey: Guid(b27a2d90837ea2541b80e1d830db02ff) Importer(815301076,1909f56bfc062723c751e8b465ee728b)
Start importing Assets/Road/Paths/Paths8.prefab using Guid(b27a2d90837ea2541b80e1d830db02ff) Importer(815301076,1909f56bfc062723c751e8b465ee728b)  -> (artifact id: 'd95c20988386e54637000c7aa69021c5') in 0.011039 seconds 
========================================================================
Received Import Request.
  Time since last request: 3.224648 seconds.
  path: Assets/Road/Paths/Paths8.prefab
  artifactKey: Guid(b27a2d90837ea2541b80e1d830db02ff) Importer(815301076,1909f56bfc062723c751e8b465ee728b)
Start importing Assets/Road/Paths/Paths8.prefab using Guid(b27a2d90837ea2541b80e1d830db02ff) Importer(815301076,1909f56bfc062723c751e8b465ee728b)  -> (artifact id: 'ef01463ccb817849ef7ddaddd5591632') in 0.012511 seconds 
========================================================================
Received Import Request.
  Time since last request: 3.610977 seconds.
  path: Assets/Road/Paths/Paths8.prefab
  artifactKey: Guid(b27a2d90837ea2541b80e1d830db02ff) Importer(815301076,1909f56bfc062723c751e8b465ee728b)
Start importing Assets/Road/Paths/Paths8.prefab using Guid(b27a2d90837ea2541b80e1d830db02ff) Importer(815301076,1909f56bfc062723c751e8b465ee728b)  -> (artifact id: 'c79001b6a6faca5aa97db5f1e6dca1f6') in 0.011454 seconds 
========================================================================
Received Import Request.
  Time since last request: 3.663038 seconds.
  path: Assets/Road/Paths/Paths8.prefab
  artifactKey: Guid(b27a2d90837ea2541b80e1d830db02ff) Importer(815301076,1909f56bfc062723c751e8b465ee728b)
Start importing Assets/Road/Paths/Paths8.prefab using Guid(b27a2d90837ea2541b80e1d830db02ff) Importer(815301076,1909f56bfc062723c751e8b465ee728b)  -> (artifact id: '1ccda88db5d207de8fc47fa7e8cbc5a5') in 0.011659 seconds 
========================================================================
Received Import Request.
  Time since last request: 5.542504 seconds.
  path: Assets/Road/Paths/Paths8.prefab
  artifactKey: Guid(b27a2d90837ea2541b80e1d830db02ff) Importer(815301076,1909f56bfc062723c751e8b465ee728b)
Start importing Assets/Road/Paths/Paths8.prefab using Guid(b27a2d90837ea2541b80e1d830db02ff) Importer(815301076,1909f56bfc062723c751e8b465ee728b)  -> (artifact id: 'b745d43968cb18de30d3a24bd859996b') in 0.011825 seconds 
========================================================================
Received Import Request.
  Time since last request: 2.201738 seconds.
  path: Assets/Road/Paths/Paths8.prefab
  artifactKey: Guid(b27a2d90837ea2541b80e1d830db02ff) Importer(815301076,1909f56bfc062723c751e8b465ee728b)
Start importing Assets/Road/Paths/Paths8.prefab using Guid(b27a2d90837ea2541b80e1d830db02ff) Importer(815301076,1909f56bfc062723c751e8b465ee728b)  -> (artifact id: 'cbf61f60c723fe0fb67c0248b8409be1') in 0.011814 seconds 
========================================================================
Received Import Request.
  Time since last request: 4.841097 seconds.
  path: Assets/Road/Paths/Paths8.prefab
  artifactKey: Guid(b27a2d90837ea2541b80e1d830db02ff) Importer(815301076,1909f56bfc062723c751e8b465ee728b)
Start importing Assets/Road/Paths/Paths8.prefab using Guid(b27a2d90837ea2541b80e1d830db02ff) Importer(815301076,1909f56bfc062723c751e8b465ee728b)  -> (artifact id: 'dd67ce04926f384a9c58dc33352a8bc6') in 0.013296 seconds 
========================================================================
Received Import Request.
  Time since last request: 1.188898 seconds.
  path: Assets/Road/Paths/Paths8.prefab
  artifactKey: Guid(b27a2d90837ea2541b80e1d830db02ff) Importer(815301076,1909f56bfc062723c751e8b465ee728b)
Start importing Assets/Road/Paths/Paths8.prefab using Guid(b27a2d90837ea2541b80e1d830db02ff) Importer(815301076,1909f56bfc062723c751e8b465ee728b)  -> (artifact id: 'bb121ba38e5cda37798540062e3f5b01') in 0.011102 seconds 
========================================================================
Received Import Request.
  Time since last request: 2.897619 seconds.
  path: Assets/Road/Paths/Paths8.prefab
  artifactKey: Guid(b27a2d90837ea2541b80e1d830db02ff) Importer(815301076,1909f56bfc062723c751e8b465ee728b)
Start importing Assets/Road/Paths/Paths8.prefab using Guid(b27a2d90837ea2541b80e1d830db02ff) Importer(815301076,1909f56bfc062723c751e8b465ee728b)  -> (artifact id: 'fa28dea87a561c6a4492d3e3a5785a78') in 0.012394 seconds 
========================================================================
Received Import Request.
  Time since last request: 1.485082 seconds.
  path: Assets/Road/Paths/Paths8.prefab
  artifactKey: Guid(b27a2d90837ea2541b80e1d830db02ff) Importer(815301076,1909f56bfc062723c751e8b465ee728b)
Start importing Assets/Road/Paths/Paths8.prefab using Guid(b27a2d90837ea2541b80e1d830db02ff) Importer(815301076,1909f56bfc062723c751e8b465ee728b)  -> (artifact id: '112dacc8f24f98ce202108782f1c64a8') in 0.013530 seconds 
========================================================================
Received Import Request.
  Time since last request: 3.216121 seconds.
  path: Assets/Road/Paths/Paths8.prefab
  artifactKey: Guid(b27a2d90837ea2541b80e1d830db02ff) Importer(815301076,1909f56bfc062723c751e8b465ee728b)
Start importing Assets/Road/Paths/Paths8.prefab using Guid(b27a2d90837ea2541b80e1d830db02ff) Importer(815301076,1909f56bfc062723c751e8b465ee728b)  -> (artifact id: 'e045ce78938090f4cd250d308af13199') in 0.011281 seconds 
========================================================================
Received Import Request.
  Time since last request: 4.204017 seconds.
  path: Assets/Road/Paths/Paths8.prefab
  artifactKey: Guid(b27a2d90837ea2541b80e1d830db02ff) Importer(815301076,1909f56bfc062723c751e8b465ee728b)
Start importing Assets/Road/Paths/Paths8.prefab using Guid(b27a2d90837ea2541b80e1d830db02ff) Importer(815301076,1909f56bfc062723c751e8b465ee728b)  -> (artifact id: '8f41f9d0c56c74ff953097650e70b401') in 0.011096 seconds 
========================================================================
Received Import Request.
  Time since last request: 5.095349 seconds.
  path: Assets/Road/Paths/Paths8.prefab
  artifactKey: Guid(b27a2d90837ea2541b80e1d830db02ff) Importer(815301076,1909f56bfc062723c751e8b465ee728b)
Start importing Assets/Road/Paths/Paths8.prefab using Guid(b27a2d90837ea2541b80e1d830db02ff) Importer(815301076,1909f56bfc062723c751e8b465ee728b)  -> (artifact id: '6fef07852bb44df3fc35a4f9f02d5764') in 0.011607 seconds 
========================================================================
Received Import Request.
  Time since last request: 3.830316 seconds.
  path: Assets/Road/Paths/Paths8.prefab
  artifactKey: Guid(b27a2d90837ea2541b80e1d830db02ff) Importer(815301076,1909f56bfc062723c751e8b465ee728b)
Start importing Assets/Road/Paths/Paths8.prefab using Guid(b27a2d90837ea2541b80e1d830db02ff) Importer(815301076,1909f56bfc062723c751e8b465ee728b)  -> (artifact id: 'a634118e7eca43f51d5ccf8572dead4a') in 0.010647 seconds 
========================================================================
Received Import Request.
  Time since last request: 1.418235 seconds.
  path: Assets/Road/Paths/Paths8.prefab
  artifactKey: Guid(b27a2d90837ea2541b80e1d830db02ff) Importer(815301076,1909f56bfc062723c751e8b465ee728b)
Start importing Assets/Road/Paths/Paths8.prefab using Guid(b27a2d90837ea2541b80e1d830db02ff) Importer(815301076,1909f56bfc062723c751e8b465ee728b)  -> (artifact id: 'b698c2b1439476894e448ea26742037c') in 0.010961 seconds 
========================================================================
Received Import Request.
  Time since last request: 16.231694 seconds.
  path: Assets/Road/Paths/Paths7.prefab
  artifactKey: Guid(f2225e06fb1dcb44498a78ba8e4ecd7a) Importer(815301076,1909f56bfc062723c751e8b465ee728b)
Start importing Assets/Road/Paths/Paths7.prefab using Guid(f2225e06fb1dcb44498a78ba8e4ecd7a) Importer(815301076,1909f56bfc062723c751e8b465ee728b)  -> (artifact id: 'ee6febbdab1d94f526556c702a64dd65') in 0.012288 seconds 
========================================================================
Received Import Request.
  Time since last request: 3.801841 seconds.
  path: Assets/Road/Paths/Paths7.prefab
  artifactKey: Guid(f2225e06fb1dcb44498a78ba8e4ecd7a) Importer(815301076,1909f56bfc062723c751e8b465ee728b)
Start importing Assets/Road/Paths/Paths7.prefab using Guid(f2225e06fb1dcb44498a78ba8e4ecd7a) Importer(815301076,1909f56bfc062723c751e8b465ee728b)  -> (artifact id: 'a64aa6635e501f5c0f5ad957b3a8e2ca') in 0.011340 seconds 
========================================================================
Received Import Request.
  Time since last request: 7.848625 seconds.
  path: Assets/Road/Paths/Paths7.prefab
  artifactKey: Guid(f2225e06fb1dcb44498a78ba8e4ecd7a) Importer(815301076,1909f56bfc062723c751e8b465ee728b)
Start importing Assets/Road/Paths/Paths7.prefab using Guid(f2225e06fb1dcb44498a78ba8e4ecd7a) Importer(815301076,1909f56bfc062723c751e8b465ee728b)  -> (artifact id: 'd1d636b3f68adbb1b032f40953a85999') in 0.011691 seconds 
========================================================================
Received Import Request.
  Time since last request: 3.621173 seconds.
  path: Assets/Road/Paths/Paths7.prefab
  artifactKey: Guid(f2225e06fb1dcb44498a78ba8e4ecd7a) Importer(815301076,1909f56bfc062723c751e8b465ee728b)
Start importing Assets/Road/Paths/Paths7.prefab using Guid(f2225e06fb1dcb44498a78ba8e4ecd7a) Importer(815301076,1909f56bfc062723c751e8b465ee728b)  -> (artifact id: 'ce1c25ed2068ed572638488d47951473') in 0.016312 seconds 
========================================================================
Received Import Request.
  Time since last request: 2.204455 seconds.
  path: Assets/Road/Paths/Paths7.prefab
  artifactKey: Guid(f2225e06fb1dcb44498a78ba8e4ecd7a) Importer(815301076,1909f56bfc062723c751e8b465ee728b)
Start importing Assets/Road/Paths/Paths7.prefab using Guid(f2225e06fb1dcb44498a78ba8e4ecd7a) Importer(815301076,1909f56bfc062723c751e8b465ee728b)  -> (artifact id: '9b7e0f6907261339683c1fdb7f7a1d37') in 0.012327 seconds 
========================================================================
Received Import Request.
  Time since last request: 2.623324 seconds.
  path: Assets/Road/Paths/Paths7.prefab
  artifactKey: Guid(f2225e06fb1dcb44498a78ba8e4ecd7a) Importer(815301076,1909f56bfc062723c751e8b465ee728b)
Start importing Assets/Road/Paths/Paths7.prefab using Guid(f2225e06fb1dcb44498a78ba8e4ecd7a) Importer(815301076,1909f56bfc062723c751e8b465ee728b)  -> (artifact id: '02fc2e4fc4664d2f52ee9f83853862b1') in 0.012455 seconds 
========================================================================
Received Import Request.
  Time since last request: 0.327319 seconds.
  path: Assets/Road/Paths/Paths7.prefab
  artifactKey: Guid(f2225e06fb1dcb44498a78ba8e4ecd7a) Importer(815301076,1909f56bfc062723c751e8b465ee728b)
Start importing Assets/Road/Paths/Paths7.prefab using Guid(f2225e06fb1dcb44498a78ba8e4ecd7a) Importer(815301076,1909f56bfc062723c751e8b465ee728b)  -> (artifact id: '0dc548aeb6a6be94c93c50efb87576b3') in 0.008709 seconds 
========================================================================
Received Import Request.
  Time since last request: 2.210364 seconds.
  path: Assets/Road/Paths/Paths7.prefab
  artifactKey: Guid(f2225e06fb1dcb44498a78ba8e4ecd7a) Importer(815301076,1909f56bfc062723c751e8b465ee728b)
Start importing Assets/Road/Paths/Paths7.prefab using Guid(f2225e06fb1dcb44498a78ba8e4ecd7a) Importer(815301076,1909f56bfc062723c751e8b465ee728b)  -> (artifact id: '853f13141b7570e9d91ecf8b93cf53ea') in 0.011785 seconds 
========================================================================
Received Import Request.
  Time since last request: 0.234473 seconds.
  path: Assets/Road/Paths/Paths7.prefab
  artifactKey: Guid(f2225e06fb1dcb44498a78ba8e4ecd7a) Importer(815301076,1909f56bfc062723c751e8b465ee728b)
Start importing Assets/Road/Paths/Paths7.prefab using Guid(f2225e06fb1dcb44498a78ba8e4ecd7a) Importer(815301076,1909f56bfc062723c751e8b465ee728b)  -> (artifact id: '92101d23bc399cc3be13227f04618639') in 0.009465 seconds 
========================================================================
Received Import Request.
  Time since last request: 2.200219 seconds.
  path: Assets/Road/Paths/Paths7.prefab
  artifactKey: Guid(f2225e06fb1dcb44498a78ba8e4ecd7a) Importer(815301076,1909f56bfc062723c751e8b465ee728b)
Start importing Assets/Road/Paths/Paths7.prefab using Guid(f2225e06fb1dcb44498a78ba8e4ecd7a) Importer(815301076,1909f56bfc062723c751e8b465ee728b)  -> (artifact id: 'ea78719af03aeb0d810e7c1a9e597b3a') in 0.014739 seconds 
========================================================================
Received Import Request.
  Time since last request: 124.277711 seconds.
  path: Assets/Road/Paths/Paths7.prefab
  artifactKey: Guid(f2225e06fb1dcb44498a78ba8e4ecd7a) Importer(815301076,1909f56bfc062723c751e8b465ee728b)
Start importing Assets/Road/Paths/Paths7.prefab using Guid(f2225e06fb1dcb44498a78ba8e4ecd7a) Importer(815301076,1909f56bfc062723c751e8b465ee728b)  -> (artifact id: 'e9ef8d2e0c83f490c75543e6c84ec950') in 0.011052 seconds 
========================================================================
Received Prepare
Registering precompiled user dll's ...
Registered in 0.002139 seconds.
Begin MonoManager ReloadAssembly
Native extension for WindowsStandalone target not found
Refreshing native plugins compatible for Editor in 0.31 ms, found 2 plugins.
Preloading 0 native plugins for Editor in 0.00 ms.
Mono: successfully reloaded assembly
- Completed reload, in  0.750 seconds
Domain Reload Profiling:
	ReloadAssembly (751ms)
		BeginReloadAssembly (104ms)
			ExecutionOrderSort (0ms)
			DisableScriptedObjects (3ms)
			BackupInstance (0ms)
			ReleaseScriptingObjects (0ms)
			CreateAndSetChildDomain (34ms)
		EndReloadAssembly (600ms)
			LoadAssemblies (77ms)
			RebuildTransferFunctionScriptingTraits (0ms)
			SetupTypeCache (209ms)
			ReleaseScriptCaches (1ms)
			RebuildScriptCaches (38ms)
			SetupLoadedEditorAssemblies (224ms)
				LogAssemblyErrors (0ms)
				InitializePlatformSupportModulesInManaged (4ms)
				SetLoadedEditorAssemblies (0ms)
				RefreshPlugins (0ms)
				BeforeProcessingInitializeOnLoad (55ms)
				ProcessInitializeOnLoadAttributes (153ms)
				ProcessInitializeOnLoadMethodAttributes (7ms)
				AfterProcessingInitializeOnLoad (4ms)
				EditorAssembliesLoaded (0ms)
			ExecutionOrderSort2 (0ms)
			AwakeInstancesAfterBackupRestoration (4ms)
Platform modules already initialized, skipping
Refreshing native plugins compatible for Editor in 0.32 ms, found 2 plugins.
Preloading 0 native plugins for Editor in 0.00 ms.
Unloading 1660 Unused Serialized files (Serialized files now loaded: 0)
System memory in use before: 79.2 MB.
System memory in use after: 79.2 MB.

Unloading 15 unused Assets to reduce memory usage. Loaded Objects now: 2140.
Total: 2.065600 ms (FindLiveObjects: 0.095700 ms CreateObjectMapping: 0.026900 ms MarkObjects: 1.877100 ms  DeleteObjects: 0.065200 ms)

AssetImportParameters requested are different than current active one (requested -> active):
  custom:framework-win-MediaFoundation: 216162199b28c13a410421893ffa2e32 -> 
  custom:video-decoder-ogg-theora: a1e56fd34408186e4bbccfd4996cb3dc -> 
  custom:container-muxer-webm: aa71ff27fc2769a1b78a27578f13a17b -> 
  custom:container-demuxer-webm: 4f35f7cbe854078d1ac9338744f61a02 -> 
  custom:container-demuxer-ogg: 62fdf1f143b41e24485cea50d1cbac27 -> 
  custom:video-encoder-webm-vp8: eb34c28f22e8b96e1ab97ce403110664 -> 
  custom:video-decoder-webm-vp8: 9c59270c3fd7afecdb556c50c9e8de78 -> 
  custom:audio-decoder-ogg-vorbis: bf7c407c2cedff20999df2af8eb42d56 -> 
  custom:audio-encoder-webm-vorbis: bf7c407c2cedff20999df2af8eb42d56 -> 
========================================================================
Received Import Request.
  Time since last request: 157.868152 seconds.
  path: Assets/TextMesh Pro/Resources/Fonts & Materials/LiberationSans SDF.asset
  artifactKey: Guid(8f586378b4e144a9851e7b34d9b748ee) Importer(815301076,1909f56bfc062723c751e8b465ee728b)
Start importing Assets/TextMesh Pro/Resources/Fonts & Materials/LiberationSans SDF.asset using Guid(8f586378b4e144a9851e7b34d9b748ee) Importer(815301076,1909f56bfc062723c751e8b465ee728b)  -> (artifact id: '22f5bfc95de8d1a3333c8ee027314403') in 0.115119 seconds 
========================================================================
Received Import Request.
  Time since last request: 0.000164 seconds.
  path: Assets/TextMesh Pro/Resources/Fonts & Materials/LiberationSans SDF - Fallback.asset
  artifactKey: Guid(2e498d1c8094910479dc3e1b768306a4) Importer(815301076,1909f56bfc062723c751e8b465ee728b)
Start importing Assets/TextMesh Pro/Resources/Fonts & Materials/LiberationSans SDF - Fallback.asset using Guid(2e498d1c8094910479dc3e1b768306a4) Importer(815301076,1909f56bfc062723c751e8b465ee728b)  -> (artifact id: '2227b719df30e18d0d8d7324ab1de2be') in 0.367146 seconds 
========================================================================
Received Prepare
Registering precompiled user dll's ...
Registered in 0.002799 seconds.
Begin MonoManager ReloadAssembly
Native extension for WindowsStandalone target not found
Refreshing native plugins compatible for Editor in 26.64 ms, found 2 plugins.
Preloading 0 native plugins for Editor in 0.00 ms.
Mono: successfully reloaded assembly
- Completed reload, in  0.797 seconds
Domain Reload Profiling:
	ReloadAssembly (797ms)
		BeginReloadAssembly (100ms)
			ExecutionOrderSort (0ms)
			DisableScriptedObjects (3ms)
			BackupInstance (0ms)
			ReleaseScriptingObjects (0ms)
			CreateAndSetChildDomain (34ms)
		EndReloadAssembly (644ms)
			LoadAssemblies (73ms)
			RebuildTransferFunctionScriptingTraits (0ms)
			SetupTypeCache (201ms)
			ReleaseScriptCaches (1ms)
			RebuildScriptCaches (38ms)
			SetupLoadedEditorAssemblies (245ms)
				LogAssemblyErrors (0ms)
				InitializePlatformSupportModulesInManaged (3ms)
				SetLoadedEditorAssemblies (0ms)
				RefreshPlugins (27ms)
				BeforeProcessingInitializeOnLoad (52ms)
				ProcessInitializeOnLoadAttributes (151ms)
				ProcessInitializeOnLoadMethodAttributes (7ms)
				AfterProcessingInitializeOnLoad (5ms)
				EditorAssembliesLoaded (0ms)
			ExecutionOrderSort2 (0ms)
			AwakeInstancesAfterBackupRestoration (5ms)
Platform modules already initialized, skipping
Refreshing native plugins compatible for Editor in 0.35 ms, found 2 plugins.
Preloading 0 native plugins for Editor in 0.00 ms.
Unloading 1703 Unused Serialized files (Serialized files now loaded: 0)
System memory in use before: 80.8 MB.
System memory in use after: 80.9 MB.

Unloading 15 unused Assets to reduce memory usage. Loaded Objects now: 2222.
Total: 2.104300 ms (FindLiveObjects: 0.103300 ms CreateObjectMapping: 0.028700 ms MarkObjects: 1.921500 ms  DeleteObjects: 0.050000 ms)

AssetImportParameters requested are different than current active one (requested -> active):
  custom:framework-win-MediaFoundation: 216162199b28c13a410421893ffa2e32 -> 
  custom:video-decoder-ogg-theora: a1e56fd34408186e4bbccfd4996cb3dc -> 
  custom:container-muxer-webm: aa71ff27fc2769a1b78a27578f13a17b -> 
  custom:container-demuxer-webm: 4f35f7cbe854078d1ac9338744f61a02 -> 
  custom:container-demuxer-ogg: 62fdf1f143b41e24485cea50d1cbac27 -> 
  custom:video-encoder-webm-vp8: eb34c28f22e8b96e1ab97ce403110664 -> 
  custom:video-decoder-webm-vp8: 9c59270c3fd7afecdb556c50c9e8de78 -> 
  custom:audio-decoder-ogg-vorbis: bf7c407c2cedff20999df2af8eb42d56 -> 
  custom:audio-encoder-webm-vorbis: bf7c407c2cedff20999df2af8eb42d56 -> 
========================================================================
Received Import Request.
  Time since last request: 901.584060 seconds.
  path: Assets/DOTween/Editor/Imgs/DOTweenIcon.png
  artifactKey: Guid(654539c79d270534b9ed912b2397b2f2) Importer(815301076,1909f56bfc062723c751e8b465ee728b)
Start importing Assets/DOTween/Editor/Imgs/DOTweenIcon.png using Guid(654539c79d270534b9ed912b2397b2f2) Importer(815301076,1909f56bfc062723c751e8b465ee728b)  -> (artifact id: 'ec44272514709ca93531a6541cd6a00d') in 0.039122 seconds 
========================================================================
Received Import Request.
  Time since last request: 0.000210 seconds.
  path: Assets/DOTween/Editor/Imgs/DOTweenMiniIcon.png
  artifactKey: Guid(6b3d38539ba779843847ce22d00cf444) Importer(815301076,1909f56bfc062723c751e8b465ee728b)
Start importing Assets/DOTween/Editor/Imgs/DOTweenMiniIcon.png using Guid(6b3d38539ba779843847ce22d00cf444) Importer(815301076,1909f56bfc062723c751e8b465ee728b)  -> (artifact id: 'ec188f03075bf4eccc0f02d8bcb92de6') in 0.039287 seconds 
========================================================================
Received Import Request.
  Time since last request: 0.000147 seconds.
  path: Assets/DOTween/Editor/Imgs/Header.jpg
  artifactKey: Guid(69aa855262f56be47879dff7b872e75c) Importer(815301076,1909f56bfc062723c751e8b465ee728b)
Start importing Assets/DOTween/Editor/Imgs/Header.jpg using Guid(69aa855262f56be47879dff7b872e75c) Importer(815301076,1909f56bfc062723c751e8b465ee728b)  -> (artifact id: '349d54f53424ef33594625dc5ec2bd12') in 0.011452 seconds 
========================================================================
Received Import Request.
  Time since last request: 0.000137 seconds.
  path: Assets/DOTween/Editor/Imgs/Footer_dark.png
  artifactKey: Guid(dfd11d2e7cd0ba843803b771ad0487b5) Importer(815301076,1909f56bfc062723c751e8b465ee728b)
Start importing Assets/DOTween/Editor/Imgs/Footer_dark.png using Guid(dfd11d2e7cd0ba843803b771ad0487b5) Importer(815301076,1909f56bfc062723c751e8b465ee728b)  -> (artifact id: '7ab95f39c8abf267a64b83488e7bef75') in 0.012669 seconds 
========================================================================
Received Import Request.
  Time since last request: 0.000147 seconds.
  path: Assets/TextMesh Pro/Sprites/EmojiOne.png
  artifactKey: Guid(dffef66376be4fa480fb02b19edbe903) Importer(815301076,1909f56bfc062723c751e8b465ee728b)
Start importing Assets/TextMesh Pro/Sprites/EmojiOne.png using Guid(dffef66376be4fa480fb02b19edbe903) Importer(815301076,1909f56bfc062723c751e8b465ee728b)  -> (artifact id: 'd78a27303d38c5bc73b55289faa0930d') in 0.036748 seconds 
========================================================================
Received Import Request.
  Time since last request: 0.000189 seconds.
  path: Assets/TextMesh Pro/Resources/Fonts & Materials/LiberationSans SDF - Fallback.asset
  artifactKey: Guid(2e498d1c8094910479dc3e1b768306a4) Importer(815301076,1909f56bfc062723c751e8b465ee728b)
Start importing Assets/TextMesh Pro/Resources/Fonts & Materials/LiberationSans SDF - Fallback.asset using Guid(2e498d1c8094910479dc3e1b768306a4) Importer(815301076,1909f56bfc062723c751e8b465ee728b)  -> (artifact id: 'ad3a00c60299aff33dcd87f7938f1f0f') in 0.052254 seconds 
========================================================================
Received Import Request.
  Time since last request: 0.000172 seconds.
  path: Assets/DOTween/Editor/Imgs/Footer.png
  artifactKey: Guid(a0f13e2134b0ea342905e91a4fde09eb) Importer(815301076,1909f56bfc062723c751e8b465ee728b)
Start importing Assets/DOTween/Editor/Imgs/Footer.png using Guid(a0f13e2134b0ea342905e91a4fde09eb) Importer(815301076,1909f56bfc062723c751e8b465ee728b)  -> (artifact id: '21bc1c2488d5646c844c09a83c6ab2f6') in 0.008118 seconds 
========================================================================
Received Import Request.
  Time since last request: 18.286563 seconds.
  path: Assets/MenuManager/Ball-Action-Ponos-Corporation-300x300.jpeg
  artifactKey: Guid(d0494fd2cfec47d45a16f1e8e2344ae7) Importer(815301076,1909f56bfc062723c751e8b465ee728b)
Start importing Assets/MenuManager/Ball-Action-Ponos-Corporation-300x300.jpeg using Guid(d0494fd2cfec47d45a16f1e8e2344ae7) Importer(815301076,1909f56bfc062723c751e8b465ee728b)  -> (artifact id: 'e8f66b4703532f04adb95633e628e07e') in 0.010106 seconds 
========================================================================
Received Prepare
Refreshing native plugins compatible for Editor in 2.22 ms, found 2 plugins.
Preloading 0 native plugins for Editor in 0.00 ms.
Unloading 12 Unused Serialized files (Serialized files now loaded: 0)
System memory in use before: 48.1 MB.
System memory in use after: 48.2 MB.

Unloading 12 unused Assets to reduce memory usage. Loaded Objects now: 2228.
Total: 3.061700 ms (FindLiveObjects: 0.140400 ms CreateObjectMapping: 0.028200 ms MarkObjects: 2.819500 ms  DeleteObjects: 0.073100 ms)

AssetImportParameters requested are different than current active one (requested -> active):
  custom:framework-win-MediaFoundation: 216162199b28c13a410421893ffa2e32 -> 
  custom:video-decoder-ogg-theora: a1e56fd34408186e4bbccfd4996cb3dc -> 
  custom:container-muxer-webm: aa71ff27fc2769a1b78a27578f13a17b -> 
  custom:container-demuxer-webm: 4f35f7cbe854078d1ac9338744f61a02 -> 
  custom:container-demuxer-ogg: 62fdf1f143b41e24485cea50d1cbac27 -> 
  custom:video-encoder-webm-vp8: eb34c28f22e8b96e1ab97ce403110664 -> 
  custom:video-decoder-webm-vp8: 9c59270c3fd7afecdb556c50c9e8de78 -> 
  custom:audio-decoder-ogg-vorbis: bf7c407c2cedff20999df2af8eb42d56 -> 
  custom:audio-encoder-webm-vorbis: bf7c407c2cedff20999df2af8eb42d56 -> 
========================================================================
Received Prepare
Registering precompiled user dll's ...
Registered in 0.003063 seconds.
Begin MonoManager ReloadAssembly
Native extension for WindowsStandalone target not found
Refreshing native plugins compatible for Editor in 0.33 ms, found 2 plugins.
Preloading 0 native plugins for Editor in 0.00 ms.
Mono: successfully reloaded assembly
- Completed reload, in  0.728 seconds
Domain Reload Profiling:
	ReloadAssembly (729ms)
		BeginReloadAssembly (89ms)
			ExecutionOrderSort (0ms)
			DisableScriptedObjects (3ms)
			BackupInstance (0ms)
			ReleaseScriptingObjects (0ms)
			CreateAndSetChildDomain (29ms)
		EndReloadAssembly (593ms)
			LoadAssemblies (67ms)
			RebuildTransferFunctionScriptingTraits (0ms)
			SetupTypeCache (182ms)
			ReleaseScriptCaches (1ms)
			RebuildScriptCaches (37ms)
			SetupLoadedEditorAssemblies (227ms)
				LogAssemblyErrors (0ms)
				InitializePlatformSupportModulesInManaged (3ms)
				SetLoadedEditorAssemblies (0ms)
				RefreshPlugins (0ms)
				BeforeProcessingInitializeOnLoad (55ms)
				ProcessInitializeOnLoadAttributes (157ms)
				ProcessInitializeOnLoadMethodAttributes (7ms)
				AfterProcessingInitializeOnLoad (4ms)
				EditorAssembliesLoaded (0ms)
			ExecutionOrderSort2 (0ms)
			AwakeInstancesAfterBackupRestoration (6ms)
Platform modules already initialized, skipping
Switching build target platform(19) subTarget(0) extendedPlatform(0) -> platform(13) subTarget(537395200) extendedPlatform(0)
Refreshing native plugins compatible for Editor in 0.34 ms, found 2 plugins.
Preloading 0 native plugins for Editor in 0.00 ms.
Unloading 1707 Unused Serialized files (Serialized files now loaded: 0)
System memory in use before: 80.9 MB.
System memory in use after: 81.0 MB.

Unloading 15 unused Assets to reduce memory usage. Loaded Objects now: 2230.
Total: 2.210100 ms (FindLiveObjects: 0.101400 ms CreateObjectMapping: 0.032100 ms MarkObjects: 2.028200 ms  DeleteObjects: 0.047700 ms)

AssetImportParameters requested are different than current active one (requested -> active):
  custom:framework-win-MediaFoundation: 216162199b28c13a410421893ffa2e32 -> 
  custom:video-decoder-ogg-theora: a1e56fd34408186e4bbccfd4996cb3dc -> 
  custom:container-muxer-webm: aa71ff27fc2769a1b78a27578f13a17b -> 
  custom:container-demuxer-webm: 4f35f7cbe854078d1ac9338744f61a02 -> 
  custom:container-demuxer-ogg: 62fdf1f143b41e24485cea50d1cbac27 -> 
  custom:video-encoder-webm-vp8: eb34c28f22e8b96e1ab97ce403110664 -> 
  custom:video-decoder-webm-vp8: 9c59270c3fd7afecdb556c50c9e8de78 -> 
  custom:graphics/normal-map-encoding: 01000000000000000000000000000000 -> 02000000000000000000000000000000
  custom:audio-decoder-ogg-vorbis: bf7c407c2cedff20999df2af8eb42d56 -> 
  custom:audio-encoder-webm-vorbis: bf7c407c2cedff20999df2af8eb42d56 -> 
========================================================================
Received Prepare
Refreshing native plugins compatible for Editor in 2.16 ms, found 2 plugins.
Preloading 0 native plugins for Editor in 0.00 ms.
Unloading 12 Unused Serialized files (Serialized files now loaded: 0)
System memory in use before: 47.1 MB.
System memory in use after: 47.2 MB.

Unloading 12 unused Assets to reduce memory usage. Loaded Objects now: 2230.
Total: 2.291100 ms (FindLiveObjects: 0.109700 ms CreateObjectMapping: 0.038400 ms MarkObjects: 2.099600 ms  DeleteObjects: 0.042900 ms)

AssetImportParameters requested are different than current active one (requested -> active):
  custom:framework-win-MediaFoundation: 216162199b28c13a410421893ffa2e32 -> 
  custom:video-decoder-ogg-theora: a1e56fd34408186e4bbccfd4996cb3dc -> 
  custom:container-muxer-webm: aa71ff27fc2769a1b78a27578f13a17b -> 
  custom:container-demuxer-webm: 4f35f7cbe854078d1ac9338744f61a02 -> 
  custom:container-demuxer-ogg: 62fdf1f143b41e24485cea50d1cbac27 -> 
  custom:video-encoder-webm-vp8: eb34c28f22e8b96e1ab97ce403110664 -> 
  custom:video-decoder-webm-vp8: 9c59270c3fd7afecdb556c50c9e8de78 -> 
  custom:audio-decoder-ogg-vorbis: bf7c407c2cedff20999df2af8eb42d56 -> 
  custom:audio-encoder-webm-vorbis: bf7c407c2cedff20999df2af8eb42d56 -> 
========================================================================
Received Prepare
Refreshing native plugins compatible for Editor in 1.97 ms, found 2 plugins.
Preloading 0 native plugins for Editor in 0.00 ms.
Unloading 12 Unused Serialized files (Serialized files now loaded: 0)
System memory in use before: 47.1 MB.
System memory in use after: 47.2 MB.

Unloading 12 unused Assets to reduce memory usage. Loaded Objects now: 2230.
Total: 2.132900 ms (FindLiveObjects: 0.096900 ms CreateObjectMapping: 0.028400 ms MarkObjects: 1.952100 ms  DeleteObjects: 0.054900 ms)

AssetImportParameters requested are different than current active one (requested -> active):
  custom:framework-win-MediaFoundation: 216162199b28c13a410421893ffa2e32 -> 
  custom:video-decoder-ogg-theora: a1e56fd34408186e4bbccfd4996cb3dc -> 
  custom:container-muxer-webm: aa71ff27fc2769a1b78a27578f13a17b -> 
  custom:container-demuxer-webm: 4f35f7cbe854078d1ac9338744f61a02 -> 
  custom:container-demuxer-ogg: 62fdf1f143b41e24485cea50d1cbac27 -> 
  custom:video-encoder-webm-vp8: eb34c28f22e8b96e1ab97ce403110664 -> 
  custom:video-decoder-webm-vp8: 9c59270c3fd7afecdb556c50c9e8de78 -> 
  custom:audio-decoder-ogg-vorbis: bf7c407c2cedff20999df2af8eb42d56 -> 
  custom:audio-encoder-webm-vorbis: bf7c407c2cedff20999df2af8eb42d56 -> 
========================================================================
Received Import Request.
  Time since last request: 1712.177623 seconds.
  path: Assets/MenuManager/Ball-Action-Ponos-Corporation-300x300.jpeg
  artifactKey: Guid(d0494fd2cfec47d45a16f1e8e2344ae7) Importer(815301076,1909f56bfc062723c751e8b465ee728b)
Start importing Assets/MenuManager/Ball-Action-Ponos-Corporation-300x300.jpeg using Guid(d0494fd2cfec47d45a16f1e8e2344ae7) Importer(815301076,1909f56bfc062723c751e8b465ee728b)  -> (artifact id: 'd17c3934307ed7f75f0982304be362b4') in 0.047875 seconds 
========================================================================
Received Import Request.
  Time since last request: 0.000200 seconds.
  path: Assets/MenuManager/pngwing.com.png
  artifactKey: Guid(c3b7a97b9f3d2e14e97a121e2f1ad17a) Importer(815301076,1909f56bfc062723c751e8b465ee728b)
Start importing Assets/MenuManager/pngwing.com.png using Guid(c3b7a97b9f3d2e14e97a121e2f1ad17a) Importer(815301076,1909f56bfc062723c751e8b465ee728b)  -> (artifact id: 'bef046427cde2e7a26ccf573e843c4d0') in 0.043212 seconds 
========================================================================
Received Prepare
Refreshing native plugins compatible for Editor in 2.13 ms, found 2 plugins.
Preloading 0 native plugins for Editor in 0.00 ms.
Unloading 12 Unused Serialized files (Serialized files now loaded: 0)
System memory in use before: 47.3 MB.
System memory in use after: 47.4 MB.

Unloading 12 unused Assets to reduce memory usage. Loaded Objects now: 2231.
Total: 2.792900 ms (FindLiveObjects: 0.111500 ms CreateObjectMapping: 0.028400 ms MarkObjects: 2.594400 ms  DeleteObjects: 0.057900 ms)

AssetImportParameters requested are different than current active one (requested -> active):
  custom:framework-win-MediaFoundation: 216162199b28c13a410421893ffa2e32 -> 
  custom:video-decoder-ogg-theora: a1e56fd34408186e4bbccfd4996cb3dc -> 
  custom:container-muxer-webm: aa71ff27fc2769a1b78a27578f13a17b -> 
  custom:container-demuxer-webm: 4f35f7cbe854078d1ac9338744f61a02 -> 
  custom:container-demuxer-ogg: 62fdf1f143b41e24485cea50d1cbac27 -> 
  custom:video-encoder-webm-vp8: eb34c28f22e8b96e1ab97ce403110664 -> 
  custom:video-decoder-webm-vp8: 9c59270c3fd7afecdb556c50c9e8de78 -> 
  custom:audio-decoder-ogg-vorbis: bf7c407c2cedff20999df2af8eb42d56 -> 
  custom:audio-encoder-webm-vorbis: bf7c407c2cedff20999df2af8eb42d56 -> 
========================================================================
Received Prepare
Refreshing native plugins compatible for Editor in 2.09 ms, found 2 plugins.
Preloading 0 native plugins for Editor in 0.00 ms.
Unloading 12 Unused Serialized files (Serialized files now loaded: 0)
System memory in use before: 47.3 MB.
System memory in use after: 47.4 MB.

Unloading 12 unused Assets to reduce memory usage. Loaded Objects now: 2231.
Total: 3.281200 ms (FindLiveObjects: 0.126900 ms CreateObjectMapping: 0.028400 ms MarkObjects: 3.072900 ms  DeleteObjects: 0.051900 ms)

AssetImportParameters requested are different than current active one (requested -> active):
  custom:framework-win-MediaFoundation: 216162199b28c13a410421893ffa2e32 -> 
  custom:video-decoder-ogg-theora: a1e56fd34408186e4bbccfd4996cb3dc -> 
  custom:container-muxer-webm: aa71ff27fc2769a1b78a27578f13a17b -> 
  custom:container-demuxer-webm: 4f35f7cbe854078d1ac9338744f61a02 -> 
  custom:container-demuxer-ogg: 62fdf1f143b41e24485cea50d1cbac27 -> 
  custom:video-encoder-webm-vp8: eb34c28f22e8b96e1ab97ce403110664 -> 
  custom:video-decoder-webm-vp8: 9c59270c3fd7afecdb556c50c9e8de78 -> 
  custom:audio-decoder-ogg-vorbis: bf7c407c2cedff20999df2af8eb42d56 -> 
  custom:audio-encoder-webm-vorbis: bf7c407c2cedff20999df2af8eb42d56 -> 
AssetImportWorkerClient::OnTransportError - code=2 error=End of file
